"D:/Unreal Engine/phasmophilia/Phasmofilia/Content/Assets/Audio/Ambient/Subway_Pass02.uasset" 0
"D:/Unreal Engine/phasmophilia/Phasmofilia/Content/Assets/Audio/Ambient/Subway_Pass02.uexp" 1
"D:/Unreal Engine/phasmophilia/Phasmofilia/Content/Assets/Audio/Ambient/Amb_IntRoomtone03Loop.uasset" 2
"D:/Unreal Engine/phasmophilia/Phasmofilia/Content/Assets/Audio/Ambient/Amb_IntRoomtone03Loop.uexp" 3
"D:/Unreal Engine/phasmophilia/Phasmofilia/Content/GameBP/HG_GameInstance.uasset" 4
"D:/Unreal Engine/phasmophilia/Phasmofilia/Content/GameBP/HG_GameInstance.uexp" 5
"../../../Engine/Content/EngineMaterials/T_Default_Material_Grid_N.uasset" 6
"../../../Engine/Content/EngineMaterials/T_Default_Material_Grid_N.uexp" 7
"../../../Engine/Content/EngineMaterials/T_Default_Material_Grid_N.ubulk" 8
"../../../Engine/Content/EngineMaterials/T_Default_Material_Grid_M.uasset" 9
"../../../Engine/Content/EngineMaterials/T_Default_Material_Grid_M.uexp" 10
"../../../Engine/Content/EngineMaterials/T_Default_Material_Grid_M.ubulk" 11
"../../../Engine/Content/Functions/Engine_MaterialFunctions01/Opacity/CameraDepthFade.uasset" 12
"../../../Engine/Content/Functions/Engine_MaterialFunctions01/Opacity/CameraDepthFade.uexp" 13
"../../../Engine/Content/EngineMaterials/WorldGridMaterial.uasset" 14
"../../../Engine/Content/EngineMaterials/WorldGridMaterial.uexp" 15
"../../../Engine/Content/ArtTools/RenderToTexture/Meshes/S_1_Unit_Plane.uasset" 16
"../../../Engine/Content/ArtTools/RenderToTexture/Meshes/S_1_Unit_Plane.uexp" 17
"../../../Engine/Content/EngineMaterials/DefaultMaterial.uasset" 18
"../../../Engine/Content/EngineMaterials/DefaultMaterial.uexp" 19
"../../../Engine/Content/BasicShapes/Cone.uasset" 20
"../../../Engine/Content/BasicShapes/Cone.uexp" 21
"../../../Engine/Content/BasicShapes/Cylinder.uasset" 22
"../../../Engine/Content/BasicShapes/Cylinder.uexp" 23
"../../../Engine/Content/BasicShapes/Plane.uasset" 24
"../../../Engine/Content/BasicShapes/Plane.uexp" 25
"../../../Engine/Content/BasicShapes/Sphere.uasset" 26
"../../../Engine/Content/BasicShapes/Sphere.uexp" 27
"../../../Engine/Content/EditorLandscapeResources/DataLayer.uasset" 28
"../../../Engine/Content/EditorLandscapeResources/DataLayer.uexp" 29
"../../../Engine/Content/EditorLandscapeResources/DefaultAlphaTexture.uasset" 30
"../../../Engine/Content/EditorLandscapeResources/DefaultAlphaTexture.uexp" 31
"../../../Engine/Content/EditorMaterials/MAT_Groups_Toggle.uasset" 32
"../../../Engine/Content/EditorMaterials/MAT_Groups_Toggle.uexp" 33
"../../../Engine/Content/EditorMaterials/MAT_Groups_Visibility.uasset" 34
"../../../Engine/Content/EditorMaterials/MAT_Groups_Visibility.uexp" 35
"../../../Engine/Content/EditorMaterials/PreviewShadowIndicator.uasset" 36
"../../../Engine/Content/EditorMaterials/PreviewShadowIndicator.uexp" 37
"../../../Engine/Content/EditorMaterials/PreviewShadowIndicator.ubulk" 38
"../../../Engine/Content/EditorMaterials/PreviewShadowIndicatorMaterial.uasset" 39
"../../../Engine/Content/EditorMaterials/PreviewShadowIndicatorMaterial.uexp" 40
"../../../Engine/Content/EditorMaterials/MatineeGroups/MAT_ColorTrack.uasset" 41
"../../../Engine/Content/EditorMaterials/MatineeGroups/MAT_ColorTrack.uexp" 42
"../../../Engine/Content/EditorMaterials/MatineeGroups/MAT_Groups_Anim.uasset" 43
"../../../Engine/Content/EditorMaterials/MatineeGroups/MAT_Groups_Anim.uexp" 44
"../../../Engine/Content/EditorMaterials/MatineeGroups/MAT_Groups_AudioMaster.uasset" 45
"../../../Engine/Content/EditorMaterials/MatineeGroups/MAT_Groups_AudioMaster.uexp" 46
"../../../Engine/Content/EditorMaterials/MatineeGroups/MAT_Groups_Director.uasset" 47
"../../../Engine/Content/EditorMaterials/MatineeGroups/MAT_Groups_Director.uexp" 48
"../../../Engine/Content/EditorMaterials/MatineeGroups/MAT_Groups_Event.uasset" 49
"../../../Engine/Content/EditorMaterials/MatineeGroups/MAT_Groups_Event.uexp" 50
"../../../Engine/Content/EditorMaterials/MatineeGroups/MAT_Groups_Fade.uasset" 51
"../../../Engine/Content/EditorMaterials/MatineeGroups/MAT_Groups_Fade.uexp" 52
"../../../Engine/Content/EditorMaterials/MatineeGroups/MAT_Groups_Float.uasset" 53
"../../../Engine/Content/EditorMaterials/MatineeGroups/MAT_Groups_Float.uexp" 54
"../../../Engine/Content/EditorMaterials/MatineeGroups/MAT_Groups_Move.uasset" 55
"../../../Engine/Content/EditorMaterials/MatineeGroups/MAT_Groups_Move.uexp" 56
"../../../Engine/Content/EditorMaterials/MatineeGroups/MAT_Groups_Slomo.uasset" 57
"../../../Engine/Content/EditorMaterials/MatineeGroups/MAT_Groups_Slomo.uexp" 58
"../../../Engine/Content/EditorMaterials/MatineeGroups/MAT_Groups_Sound.uasset" 59
"../../../Engine/Content/EditorMaterials/MatineeGroups/MAT_Groups_Sound.uexp" 60
"../../../Engine/Content/EditorMaterials/MatineeGroups/MAT_Groups_Vector.uasset" 61
"../../../Engine/Content/EditorMaterials/MatineeGroups/MAT_Groups_Vector.uexp" 62
"../../../Engine/Content/EditorMaterials/ParticleSystems/PSysThumbnail_NoImage.uasset" 63
"../../../Engine/Content/EditorMaterials/ParticleSystems/PSysThumbnail_NoImage.uexp" 64
"../../../Engine/Content/EditorMaterials/ParticleSystems/PSysThumbnail_NoImage.ubulk" 65
"../../../Engine/Content/EditorMaterials/ParticleSystems/PSysThumbnail_OOD.uasset" 66
"../../../Engine/Content/EditorMaterials/ParticleSystems/PSysThumbnail_OOD.uexp" 67
"../../../Engine/Content/EditorMaterials/ParticleSystems/PSysThumbnail_OOD.ubulk" 68
"../../../Engine/Content/EditorMaterials/Camera/CineMat.uasset" 69
"../../../Engine/Content/EditorMaterials/Camera/CineMat.uexp" 70
"../../../Engine/Content/EditorMaterials/Camera/MI_CineMat_Rig.uasset" 71
"../../../Engine/Content/EditorMaterials/Camera/MI_CineMat_Rig.uexp" 72
"../../../Engine/Content/EditorMeshes/Camera/SM_CraneRig_Arm.uasset" 73
"../../../Engine/Content/EditorMeshes/Camera/SM_CraneRig_Arm.uexp" 74
"../../../Engine/Content/EditorMeshes/Camera/SM_CraneRig_Base.uasset" 75
"../../../Engine/Content/EditorMeshes/Camera/SM_CraneRig_Base.uexp" 76
"../../../Engine/Content/EditorMeshes/Camera/SM_CraneRig_Body.uasset" 77
"../../../Engine/Content/EditorMeshes/Camera/SM_CraneRig_Body.uexp" 78
"../../../Engine/Content/EditorMeshes/Camera/SM_CraneRig_Mount.uasset" 79
"../../../Engine/Content/EditorMeshes/Camera/SM_CraneRig_Mount.uexp" 80
"../../../Engine/Content/EditorMeshes/Camera/SM_RailRig_Mount.uasset" 81
"../../../Engine/Content/EditorMeshes/Camera/SM_RailRig_Mount.uexp" 82
"../../../Engine/Content/EditorMeshes/Camera/SM_RailRig_Track.uasset" 83
"../../../Engine/Content/EditorMeshes/Camera/SM_RailRig_Track.uexp" 84
"../../../Engine/Content/EditorResources/BSPVertex.uasset" 85
"../../../Engine/Content/EditorResources/BSPVertex.uexp" 86
"../../../Engine/Content/EditorResources/EmptyActor.uasset" 87
"../../../Engine/Content/EditorResources/EmptyActor.uexp" 88
"../../../Engine/Content/EditorResources/S_Actor.uasset" 89
"../../../Engine/Content/EditorResources/S_Actor.uexp" 90
"../../../Engine/Content/EditorResources/S_Actor.ubulk" 91
"../../../Engine/Content/EditorResources/S_Note.uasset" 92
"../../../Engine/Content/EditorResources/S_Note.uexp" 93
"../../../Engine/Content/EditorResources/S_Note.ubulk" 94
"../../../Engine/Content/EditorResources/S_Solver.uasset" 95
"../../../Engine/Content/EditorResources/S_Solver.uexp" 96
"../../../Engine/Content/EditorResources/S_Solver.ubulk" 97
"../../../Engine/Content/EditorResources/S_Terrain.uasset" 98
"../../../Engine/Content/EditorResources/S_Terrain.uexp" 99
"../../../Engine/Content/EditorResources/S_Terrain.ubulk" 100
"../../../Engine/Content/EditorResources/S_Trigger.uasset" 101
"../../../Engine/Content/EditorResources/S_Trigger.uexp" 102
"../../../Engine/Content/EditorResources/S_Trigger.ubulk" 103
"../../../Engine/Content/EditorResources/AudioIcons/S_AudioComponent_AutoActivate.uasset" 104
"../../../Engine/Content/EditorResources/AudioIcons/S_AudioComponent_AutoActivate.uexp" 105
"../../../Engine/Content/EditorResources/AudioIcons/S_AudioComponent_AutoActivate.ubulk" 106
"../../../Engine/Content/EditorResources/SequenceRecorder/Countdown.uasset" 107
"../../../Engine/Content/EditorResources/SequenceRecorder/Countdown.uexp" 108
"../../../Engine/Content/EditorResources/SequenceRecorder/RecordingIndicator.uasset" 109
"../../../Engine/Content/EditorResources/SequenceRecorder/RecordingIndicator.uexp" 110
"../../../Engine/Content/EngineDamageTypes/DmgTypeBP_Environmental.uasset" 111
"../../../Engine/Content/EngineDamageTypes/DmgTypeBP_Environmental.uexp" 112
"../../../Engine/Content/EngineDebugMaterials/DebugEditorMaterial.uasset" 113
"../../../Engine/Content/EngineDebugMaterials/DebugEditorMaterial.uexp" 114
"../../../Engine/Content/EngineDebugMaterials/DebugMeshMaterial.uasset" 115
"../../../Engine/Content/EngineDebugMaterials/DebugMeshMaterial.uexp" 116
"../../../Engine/Content/EngineDebugMaterials/M_SimpleUnlitTranslucent.uasset" 117
"../../../Engine/Content/EngineDebugMaterials/M_SimpleUnlitTranslucent.uexp" 118
"../../../Engine/Content/EngineDebugMaterials/VolumeToRender.uasset" 119
"../../../Engine/Content/EngineDebugMaterials/VolumeToRender.uexp" 120
"../../../Engine/Content/Functions/Engine_MaterialFunctions02/Utility/CameraDirectionVector.uasset" 121
"../../../Engine/Content/Functions/Engine_MaterialFunctions02/Utility/CameraDirectionVector.uexp" 122
"../../../Engine/Content/EngineDebugMaterials/M_VolumeRenderSphereTracePP.uasset" 123
"../../../Engine/Content/EngineDebugMaterials/M_VolumeRenderSphereTracePP.uexp" 124
"../../../Engine/Content/EngineFonts/Faces/RobotoRegular.uasset" 125
"../../../Engine/Content/EngineFonts/Faces/RobotoRegular.uexp" 126
"../../../Engine/Content/EngineFonts/Faces/RobotoRegular.ufont" 127
"../../../Engine/Content/EngineFonts/Faces/RobotoLight.uasset" 128
"../../../Engine/Content/EngineFonts/Faces/RobotoLight.uexp" 129
"../../../Engine/Content/EngineFonts/Faces/RobotoLight.ufont" 130
"../../../Engine/Content/EngineFonts/Faces/RobotoItalic.uasset" 131
"../../../Engine/Content/EngineFonts/Faces/RobotoItalic.uexp" 132
"../../../Engine/Content/EngineFonts/Faces/RobotoItalic.ufont" 133
"../../../Engine/Content/EngineFonts/Faces/RobotoBoldItalic.uasset" 134
"../../../Engine/Content/EngineFonts/Faces/RobotoBoldItalic.uexp" 135
"../../../Engine/Content/EngineFonts/Faces/RobotoBoldItalic.ufont" 136
"../../../Engine/Content/EngineFonts/Faces/RobotoBold.uasset" 137
"../../../Engine/Content/EngineFonts/Faces/RobotoBold.uexp" 138
"../../../Engine/Content/EngineFonts/Faces/RobotoBold.ufont" 139
"../../../Engine/Content/EngineFonts/Faces/DroidSansFallback.uasset" 140
"../../../Engine/Content/EngineFonts/Faces/DroidSansFallback.uexp" 141
"../../../Engine/Content/EngineFonts/Faces/DroidSansFallback.ufont" 142
"../../../Engine/Content/EngineFonts/Roboto.uasset" 143
"../../../Engine/Content/EngineFonts/Roboto.uexp" 144
"../../../Engine/Content/EngineMaterials/BaseFlattenNormalMap.uasset" 145
"../../../Engine/Content/EngineMaterials/BaseFlattenNormalMap.uexp" 146
"../../../Engine/Content/EngineMaterials/BaseFlattenGrayscaleMap.uasset" 147
"../../../Engine/Content/EngineMaterials/BaseFlattenGrayscaleMap.uexp" 148
"../../../Engine/Content/EngineMaterials/BaseFlattenEmissiveMap.uasset" 149
"../../../Engine/Content/EngineMaterials/BaseFlattenEmissiveMap.uexp" 150
"../../../Engine/Content/EngineMaterials/BaseFlattenDiffuseMap.uasset" 151
"../../../Engine/Content/EngineMaterials/BaseFlattenDiffuseMap.uexp" 152
"../../../Engine/Content/EngineMaterials/BaseFlattenMaterial.uasset" 153
"../../../Engine/Content/EngineMaterials/BaseFlattenMaterial.uexp" 154
"../../../Engine/Content/EngineMaterials/BlueNoise.uasset" 155
"../../../Engine/Content/EngineMaterials/BlueNoise.uexp" 156
"../../../Engine/Content/EngineMaterials/DefaultBloomKernel.uasset" 157
"../../../Engine/Content/EngineMaterials/DefaultBloomKernel.uexp" 158
"../../../Engine/Content/EngineMaterials/DefaultBokeh.uasset" 159
"../../../Engine/Content/EngineMaterials/DefaultBokeh.uexp" 160
"../../../Engine/Content/EngineMaterials/DefaultDiffuse.uasset" 161
"../../../Engine/Content/EngineMaterials/DefaultDiffuse.uexp" 162
"../../../Engine/Content/EngineMaterials/DefaultDiffuse.ubulk" 163
"../../../Engine/Content/EngineMaterials/DefaultDeferredDecalMaterial.uasset" 164
"../../../Engine/Content/EngineMaterials/DefaultDeferredDecalMaterial.uexp" 165
"../../../Engine/Content/EngineMaterials/DefaultLightFunctionMaterial.uasset" 166
"../../../Engine/Content/EngineMaterials/DefaultLightFunctionMaterial.uexp" 167
"../../../Engine/Content/EngineMaterials/DefaultPhysicalMaterial.uasset" 168
"../../../Engine/Content/EngineMaterials/DefaultPhysicalMaterial.uexp" 169
"../../../Engine/Content/Functions/Engine_MaterialFunctions02/Utility/BreakOutFloat2Components.uasset" 170
"../../../Engine/Content/Functions/Engine_MaterialFunctions02/Utility/BreakOutFloat2Components.uexp" 171
"../../../Engine/Content/EngineMaterials/DefaultPostProcessMaterial.uasset" 172
"../../../Engine/Content/EngineMaterials/DefaultPostProcessMaterial.uexp" 173
"../../../Engine/Content/EngineFonts/RobotoDistanceField.uasset" 174
"../../../Engine/Content/EngineFonts/RobotoDistanceField.uexp" 175
"../../../Engine/Content/EngineMaterials/DefaultTextMaterialOpaque.uasset" 176
"../../../Engine/Content/EngineMaterials/DefaultTextMaterialOpaque.uexp" 177
"../../../Engine/Content/EngineMaterials/DefaultWhiteGrid.uasset" 178
"../../../Engine/Content/EngineMaterials/DefaultWhiteGrid.uexp" 179
"../../../Engine/Content/EngineMaterials/DefaultWhiteGrid.ubulk" 180
"../../../Engine/Content/EngineMaterials/DefaultWhiteGrid_Low.uasset" 181
"../../../Engine/Content/EngineMaterials/DefaultWhiteGrid_Low.uexp" 182
"../../../Engine/Content/EngineMaterials/EmissiveMeshMaterial.uasset" 183
"../../../Engine/Content/EngineMaterials/EmissiveMeshMaterial.uexp" 184
"../../../Engine/Content/EngineMaterials/GizmoMaterial.uasset" 185
"../../../Engine/Content/EngineMaterials/GizmoMaterial.uexp" 186
"../../../Engine/Content/EngineMaterials/Good64x64TilingNoiseHighFreq.uasset" 187
"../../../Engine/Content/EngineMaterials/Good64x64TilingNoiseHighFreq.uexp" 188
"../../../Engine/Content/EngineMaterials/MiniFont.uasset" 189
"../../../Engine/Content/EngineMaterials/MiniFont.uexp" 190
"../../../Engine/Content/EngineMaterials/InvalidLightmapSettings.uasset" 191
"../../../Engine/Content/EngineMaterials/InvalidLightmapSettings.uexp" 192
"../../../Engine/Content/EngineMaterials/InvalidLightmapSettings.ubulk" 193
"../../../Engine/Content/EngineMaterials/M_InvalidLightmapSettings.uasset" 194
"../../../Engine/Content/EngineMaterials/M_InvalidLightmapSettings.uexp" 195
"../../../Engine/Content/Functions/Engine_MaterialFunctions02/WorldPositionOffset/CameraOffset.uasset" 196
"../../../Engine/Content/Functions/Engine_MaterialFunctions02/WorldPositionOffset/CameraOffset.uexp" 197
"../../../Engine/Content/EngineMaterials/PhAT_JointLimitMaterial.uasset" 198
"../../../Engine/Content/EngineMaterials/PhAT_JointLimitMaterial.uexp" 199
"../../../Engine/Content/EngineMaterials/DefaultCalibrationColor.uasset" 200
"../../../Engine/Content/EngineMaterials/DefaultCalibrationColor.uexp" 201
"../../../Engine/Content/EngineMaterials/PPM_DefaultCalibrationColor.uasset" 202
"../../../Engine/Content/EngineMaterials/PPM_DefaultCalibrationColor.uexp" 203
"../../../Engine/Content/EngineMaterials/DefaultCalibrationGrayscale.uasset" 204
"../../../Engine/Content/EngineMaterials/DefaultCalibrationGrayscale.uexp" 205
"../../../Engine/Content/EngineMaterials/PPM_DefaultCalibrationGrayscale.uasset" 206
"../../../Engine/Content/EngineMaterials/PPM_DefaultCalibrationGrayscale.uexp" 207
"../../../Engine/Content/EngineMaterials/PreintegratedSkinBRDF.uasset" 208
"../../../Engine/Content/EngineMaterials/PreintegratedSkinBRDF.uexp" 209
"../../../Engine/Content/EngineMaterials/RemoveSurfaceMaterial.uasset" 210
"../../../Engine/Content/EngineMaterials/RemoveSurfaceMaterial.uexp" 211
"../../../Engine/Content/EngineMaterials/WeightMapPlaceholderTexture.uasset" 212
"../../../Engine/Content/EngineMaterials/WeightMapPlaceholderTexture.uexp" 213
"../../../Engine/Content/EngineResources/WhiteSquareTexture.uasset" 214
"../../../Engine/Content/EngineResources/WhiteSquareTexture.uexp" 215
"../../../Engine/Content/EngineMaterials/Widget3DPassThrough.uasset" 216
"../../../Engine/Content/EngineMaterials/Widget3DPassThrough.uexp" 217
"../../../Engine/Content/EngineMaterials/Widget3DPassThrough_Masked.uasset" 218
"../../../Engine/Content/EngineMaterials/Widget3DPassThrough_Masked.uexp" 219
"../../../Engine/Content/EngineMaterials/Widget3DPassThrough_Opaque.uasset" 220
"../../../Engine/Content/EngineMaterials/Widget3DPassThrough_Opaque.uexp" 221
"../../../Engine/Content/EngineMaterials/Widget3DPassThrough_Masked_OneSided.uasset" 222
"../../../Engine/Content/EngineMaterials/Widget3DPassThrough_Masked_OneSided.uexp" 223
"../../../Engine/Content/EngineMaterials/Widget3DPassThrough_Opaque_OneSided.uasset" 224
"../../../Engine/Content/EngineMaterials/Widget3DPassThrough_Opaque_OneSided.uexp" 225
"../../../Engine/Content/EngineMaterials/Widget3DPassThrough_Translucent.uasset" 226
"../../../Engine/Content/EngineMaterials/Widget3DPassThrough_Translucent.uexp" 227
"../../../Engine/Content/EngineMaterials/Widget3DPassThrough_Translucent_OneSided.uasset" 228
"../../../Engine/Content/EngineMaterials/Widget3DPassThrough_Translucent_OneSided.uexp" 229
"../../../Engine/Content/EngineMeshes/Sphere.uasset" 230
"../../../Engine/Content/EngineMeshes/Sphere.uexp" 231
"../../../Engine/Content/EngineResources/Black.uasset" 232
"../../../Engine/Content/EngineResources/Black.uexp" 233
"../../../Engine/Content/EngineResources/DefaultTexture.uasset" 234
"../../../Engine/Content/EngineResources/DefaultTexture.uexp" 235
"../../../Engine/Content/EngineResources/DefaultTexture.ubulk" 236
"../../../Engine/Content/EngineResources/DefaultTextureCube.uasset" 237
"../../../Engine/Content/EngineResources/DefaultTextureCube.uexp" 238
"../../../Engine/Content/EngineResources/DefaultVolumeTexture2D.uasset" 239
"../../../Engine/Content/EngineResources/DefaultVolumeTexture2D.uexp" 240
"../../../Engine/Content/EngineResources/DefaultVolumeTexture.uasset" 241
"../../../Engine/Content/EngineResources/DefaultVolumeTexture.uexp" 242
"../../../Engine/Content/EngineResources/GradientTexture0.uasset" 243
"../../../Engine/Content/EngineResources/GradientTexture0.uexp" 244
"../../../Engine/Content/EngineSky/VolumetricClouds/T_NoiseShape64.uasset" 245
"../../../Engine/Content/EngineSky/VolumetricClouds/T_NoiseShape64.uexp" 246
"../../../Engine/Content/EngineSky/VolumetricClouds/T_NoiseShape64.ubulk" 247
"../../../Engine/Content/EngineSky/VolumetricClouds/T_VolumeNoiseShape64.uasset" 248
"../../../Engine/Content/EngineSky/VolumetricClouds/T_VolumeNoiseShape64.uexp" 249
"../../../Engine/Content/EngineSky/VolumetricClouds/T_NoiseErosion.uasset" 250
"../../../Engine/Content/EngineSky/VolumetricClouds/T_NoiseErosion.uexp" 251
"../../../Engine/Content/EngineSky/VolumetricClouds/T_NoiseErosion.ubulk" 252
"../../../Engine/Content/EngineSky/VolumetricClouds/T_VolumeNoiseErosion32.uasset" 253
"../../../Engine/Content/EngineSky/VolumetricClouds/T_VolumeNoiseErosion32.uexp" 254
"../../../Engine/Content/EngineSky/VolumetricClouds/CloudWeatherTexture.uasset" 255
"../../../Engine/Content/EngineSky/VolumetricClouds/CloudWeatherTexture.uexp" 256
"../../../Engine/Content/EngineSky/VolumetricClouds/CloudGradientTexture.uasset" 257
"../../../Engine/Content/EngineSky/VolumetricClouds/CloudGradientTexture.uexp" 258
"../../../Engine/Content/Functions/Engine_MaterialFunctions02/Utility/MakeFloat2.uasset" 259
"../../../Engine/Content/Functions/Engine_MaterialFunctions02/Utility/MakeFloat2.uexp" 260
"../../../Engine/Content/EngineSky/VolumetricClouds/m_SimpleVolumetricCloud.uasset" 261
"../../../Engine/Content/EngineSky/VolumetricClouds/m_SimpleVolumetricCloud.uexp" 262
"../../../Engine/Content/EngineSky/VolumetricClouds/m_SimpleVolumetricCloud_Inst.uasset" 263
"../../../Engine/Content/EngineSky/VolumetricClouds/m_SimpleVolumetricCloud_Inst.uexp" 264
"../../../Engine/Content/EngineSounds/Master.uasset" 265
"../../../Engine/Content/EngineSounds/Master.uexp" 266
"../../../Engine/Content/Functions/Engine_MaterialFunctions01/Shading/ConvertFromDiffSpec.uasset" 267
"../../../Engine/Content/Functions/Engine_MaterialFunctions01/Shading/ConvertFromDiffSpec.uexp" 268
"../../../Engine/Content/Functions/Engine_MaterialFunctions01/Shading/PowerToRoughness.uasset" 269
"../../../Engine/Content/Functions/Engine_MaterialFunctions01/Shading/PowerToRoughness.uexp" 270
"../../../Engine/Content/Maps/Templates/Thumbnails/Default.uasset" 271
"../../../Engine/Content/Maps/Templates/Thumbnails/Default.uexp" 272
"../../../Engine/Content/Maps/Templates/Thumbnails/TimeOfDay.uasset" 273
"../../../Engine/Content/Maps/Templates/Thumbnails/TimeOfDay.uexp" 274
"../../../Engine/Content/Maps/Templates/Thumbnails/VR-Basic.uasset" 275
"../../../Engine/Content/Maps/Templates/Thumbnails/VR-Basic.uexp" 276
"../../../Engine/Content/MobileResources/T_MobileControls_texture.uasset" 277
"../../../Engine/Content/MobileResources/T_MobileControls_texture.uexp" 278
"../../../Engine/Content/MobileResources/T_MobileMenu2.uasset" 279
"../../../Engine/Content/MobileResources/T_MobileMenu2.uexp" 280
"../../../Engine/Content/MobileResources/HUD/AnalogHat.uasset" 281
"../../../Engine/Content/MobileResources/HUD/AnalogHat.uexp" 282
"../../../Engine/Content/MobileResources/HUD/VirtualJoystick_Thumb.uasset" 283
"../../../Engine/Content/MobileResources/HUD/VirtualJoystick_Thumb.uexp" 284
"../../../Engine/Content/MobileResources/HUD/VirtualJoystick_Background.uasset" 285
"../../../Engine/Content/MobileResources/HUD/VirtualJoystick_Background.uexp" 286
"../../../Engine/Content/MobileResources/HUD/DefaultVirtualJoysticks.uasset" 287
"../../../Engine/Content/MobileResources/HUD/DefaultVirtualJoysticks.uexp" 288
"../../../Engine/Content/MobileResources/HUD/LeftVirtualJoystickOnly.uasset" 289
"../../../Engine/Content/MobileResources/HUD/LeftVirtualJoystickOnly.uexp" 290
"../../../Engine/Content/MobileResources/HUD/MobileHUDButton1_off.uasset" 291
"../../../Engine/Content/MobileResources/HUD/MobileHUDButton1_off.uexp" 292
"../../../Engine/Content/MobileResources/HUD/MobileHUDButton1_on.uasset" 293
"../../../Engine/Content/MobileResources/HUD/MobileHUDButton1_on.uexp" 294
"../../../Engine/Content/MobileResources/HUD/MobileHUDButton2_off.uasset" 295
"../../../Engine/Content/MobileResources/HUD/MobileHUDButton2_off.uexp" 296
"../../../Engine/Content/MobileResources/HUD/MobileHUDButton2_on.uasset" 297
"../../../Engine/Content/MobileResources/HUD/MobileHUDButton2_on.uexp" 298
"../../../Engine/Content/MobileResources/HUD/MobileHUDButton3.uasset" 299
"../../../Engine/Content/MobileResources/HUD/MobileHUDButton3.uexp" 300
"../../../Engine/Content/MobileResources/HUD/MobileHUDButtonFire.uasset" 301
"../../../Engine/Content/MobileResources/HUD/MobileHUDButtonFire.uexp" 302
"../../../Engine/Content/MobileResources/HUD/MobileHUDDirectionPad.uasset" 303
"../../../Engine/Content/MobileResources/HUD/MobileHUDDirectionPad.uexp" 304
"../../../Engine/Content/MobileResources/HUD/MobileHUDDirectionPad2.uasset" 305
"../../../Engine/Content/MobileResources/HUD/MobileHUDDirectionPad2.uexp" 306
"../../../Engine/Content/MobileResources/HUD/MobileHUDDirectionPad3.uasset" 307
"../../../Engine/Content/MobileResources/HUD/MobileHUDDirectionPad3.uexp" 308
"../../../Engine/Content/MobileResources/HUD/MobileHUDDirectionStick.uasset" 309
"../../../Engine/Content/MobileResources/HUD/MobileHUDDirectionStick.uexp" 310
"../../../Engine/Content/MobileResources/HUD/T_Castle_ThumbstickInner.uasset" 311
"../../../Engine/Content/MobileResources/HUD/T_Castle_ThumbstickInner.uexp" 312
"../../../Engine/Content/MobileResources/HUD/T_Castle_ThumbstickOutter.uasset" 313
"../../../Engine/Content/MobileResources/HUD/T_Castle_ThumbstickOutter.uexp" 314
"../../../Engine/Content/Tutorial/ContentIntroCurve.uasset" 315
"../../../Engine/Content/Tutorial/ContentIntroCurve.uexp" 316
"../../../Engine/Content/Tutorial/Basics/TutorialAssets/icon_tab_Levels_40x.uasset" 317
"../../../Engine/Content/Tutorial/Basics/TutorialAssets/icon_tab_Levels_40x.uexp" 318
"../../../Engine/Content/VREditor/TransformGizmo/TranslucentTransformGizmoMaterial.uasset" 319
"../../../Engine/Content/VREditor/TransformGizmo/TranslucentTransformGizmoMaterial.uexp" 320
"../../../Engine/Content/VREditor/LaserPointer/VR_LaserPower_01.uasset" 321
"../../../Engine/Content/VREditor/LaserPointer/VR_LaserPower_01.uexp" 322
"../../../Engine/Content/VREditor/LaserPointer/VR_LaserPower_01.ubulk" 323
"../../../Engine/Content/VREditor/TransformGizmo/TransformGizmoMaterial.uasset" 324
"../../../Engine/Content/VREditor/TransformGizmo/TransformGizmoMaterial.uexp" 325
"../../../Engine/Content/VREditor/TransformGizmo/BoundingBoxCorner.uasset" 326
"../../../Engine/Content/VREditor/TransformGizmo/BoundingBoxCorner.uexp" 327
"../../../Engine/Content/VREditor/TransformGizmo/BoundingBoxEdge.uasset" 328
"../../../Engine/Content/VREditor/TransformGizmo/BoundingBoxEdge.uexp" 329
"../../../Engine/Content/VREditor/TransformGizmo/PlaneTranslationHandle.uasset" 330
"../../../Engine/Content/VREditor/TransformGizmo/PlaneTranslationHandle.uexp" 331
"../../../Engine/Content/VREditor/TransformGizmo/Xray.uasset" 332
"../../../Engine/Content/VREditor/TransformGizmo/Xray.uexp" 333
"../../../Engine/Content/VREditor/TransformGizmo/Main.uasset" 334
"../../../Engine/Content/VREditor/TransformGizmo/Main.uexp" 335
"../../../Engine/Content/VREditor/TransformGizmo/SM_Sequencer_Key.uasset" 336
"../../../Engine/Content/VREditor/TransformGizmo/SM_Sequencer_Key.uexp" 337
"../../../Engine/Content/VREditor/TransformGizmo/SM_Sequencer_Node.uasset" 338
"../../../Engine/Content/VREditor/TransformGizmo/SM_Sequencer_Node.uexp" 339
"../../../Engine/Content/Functions/Engine_MaterialFunctions02/Utility/BreakOutFloat3Components.uasset" 340
"../../../Engine/Content/Functions/Engine_MaterialFunctions02/Utility/BreakOutFloat3Components.uexp" 341
"../../../Engine/Plugins/Editor/SpeedTreeImporter/Content/SpeedTree9/UnpackInteger3.uasset" 342
"../../../Engine/Plugins/Editor/SpeedTreeImporter/Content/SpeedTree9/UnpackInteger3.uexp" 343
"../../../Engine/Plugins/Editor/SpeedTreeImporter/Content/SpeedTree9/UnpackDirection.uasset" 344
"../../../Engine/Plugins/Editor/SpeedTreeImporter/Content/SpeedTree9/UnpackDirection.uexp" 345
"../../../Engine/Plugins/Editor/SpeedTreeImporter/Content/SpeedTree9/game_wind_noise.uasset" 346
"../../../Engine/Plugins/Editor/SpeedTreeImporter/Content/SpeedTree9/game_wind_noise.uexp" 347
"../../../Engine/Plugins/Editor/SpeedTreeImporter/Content/SpeedTree9/game_wind_noise.ubulk" 348
"../../../Engine/Content/Functions/Engine_MaterialFunctions02/SafeNormalize.uasset" 349
"../../../Engine/Content/Functions/Engine_MaterialFunctions02/SafeNormalize.uexp" 350
"../../../Engine/Plugins/Editor/SpeedTreeImporter/Content/SpeedTree9/SpeedTreeWindMotion.uasset" 351
"../../../Engine/Plugins/Editor/SpeedTreeImporter/Content/SpeedTree9/SpeedTreeWindMotion.uexp" 352
"../../../Engine/Plugins/Editor/SpeedTreeImporter/Content/SpeedTree9/SpeedTreeBranchMotion.uasset" 353
"../../../Engine/Plugins/Editor/SpeedTreeImporter/Content/SpeedTree9/SpeedTreeBranchMotion.uexp" 354
"../../../Engine/Content/Functions/Engine_MaterialFunctions02/ObjectLocalBounds.uasset" 355
"../../../Engine/Content/Functions/Engine_MaterialFunctions02/ObjectLocalBounds.uexp" 356
"../../../Engine/Content/Functions/Engine_MaterialFunctions02/UVs/BoundingBoxBased_0-1_UVW.uasset" 357
"../../../Engine/Content/Functions/Engine_MaterialFunctions02/UVs/BoundingBoxBased_0-1_UVW.uexp" 358
"../../../Engine/Content/Functions/Engine_MaterialFunctions02/Utility/VectorLength.uasset" 359
"../../../Engine/Content/Functions/Engine_MaterialFunctions02/Utility/VectorLength.uexp" 360
"../../../Engine/Content/Functions/Engine_MaterialFunctions02/WorldPositionOffset/ObjectScale.uasset" 361
"../../../Engine/Content/Functions/Engine_MaterialFunctions02/WorldPositionOffset/ObjectScale.uexp" 362
"../../../Engine/Plugins/Editor/SpeedTreeImporter/Content/SpeedTree9/SpeedTreeWind.uasset" 363
"../../../Engine/Plugins/Editor/SpeedTreeImporter/Content/SpeedTree9/SpeedTreeWind.uexp" 364
"../../../Engine/Plugins/Editor/SpeedTreeImporter/Content/SpeedTree9/SpeedTreeBillboard.uasset" 365
"../../../Engine/Plugins/Editor/SpeedTreeImporter/Content/SpeedTree9/SpeedTreeBillboard.uexp" 366
"../../../Engine/Plugins/Editor/SpeedTreeImporter/Content/SpeedTree9/EmptyNormal.uasset" 367
"../../../Engine/Plugins/Editor/SpeedTreeImporter/Content/SpeedTree9/EmptyNormal.uexp" 368
"../../../Engine/Plugins/Editor/SpeedTreeImporter/Content/SpeedTree9/Empty.uasset" 369
"../../../Engine/Plugins/Editor/SpeedTreeImporter/Content/SpeedTree9/Empty.uexp" 370
"../../../Engine/Plugins/Editor/SpeedTreeImporter/Content/SpeedTree9/SpeedTreeBillboardMaster.uasset" 371
"../../../Engine/Plugins/Editor/SpeedTreeImporter/Content/SpeedTree9/SpeedTreeBillboardMaster.uexp" 372
"../../../Engine/Plugins/Editor/SpeedTreeImporter/Content/SpeedTree9/SpeedTreeCameraFacing.uasset" 373
"../../../Engine/Plugins/Editor/SpeedTreeImporter/Content/SpeedTree9/SpeedTreeCameraFacing.uexp" 374
"../../../Engine/Plugins/Editor/SpeedTreeImporter/Content/SpeedTree9/SpeedTreeMaster.uasset" 375
"../../../Engine/Plugins/Editor/SpeedTreeImporter/Content/SpeedTree9/SpeedTreeMaster.uexp" 376
"D:/Unreal Engine/phasmophilia/Phasmofilia/Content/Sounds/audiomass-output.uasset" 377
"D:/Unreal Engine/phasmophilia/Phasmofilia/Content/Sounds/audiomass-output.uexp" 378
"D:/Unreal Engine/phasmophilia/Phasmofilia/Content/Props/Textures/Boombox/T_boomBox_R.uasset" 379
"D:/Unreal Engine/phasmophilia/Phasmofilia/Content/Props/Textures/Boombox/T_boomBox_R.uexp" 380
"D:/Unreal Engine/phasmophilia/Phasmofilia/Content/Props/Textures/Boombox/T_boomBox_R.ubulk" 381
"D:/Unreal Engine/phasmophilia/Phasmofilia/Content/Props/Textures/Boombox/T_boomBox_N.uasset" 382
"D:/Unreal Engine/phasmophilia/Phasmofilia/Content/Props/Textures/Boombox/T_boomBox_N.uexp" 383
"D:/Unreal Engine/phasmophilia/Phasmofilia/Content/Props/Textures/Boombox/T_boomBox_N.ubulk" 384
"D:/Unreal Engine/phasmophilia/Phasmofilia/Content/Props/Textures/Boombox/T_boomBox_M.uasset" 385
"D:/Unreal Engine/phasmophilia/Phasmofilia/Content/Props/Textures/Boombox/T_boomBox_M.uexp" 386
"D:/Unreal Engine/phasmophilia/Phasmofilia/Content/Props/Textures/Boombox/T_boomBox_M.ubulk" 387
"D:/Unreal Engine/phasmophilia/Phasmofilia/Content/Props/Textures/Boombox/T_boomBox_C.uasset" 388
"D:/Unreal Engine/phasmophilia/Phasmofilia/Content/Props/Textures/Boombox/T_boomBox_C.uexp" 389
"D:/Unreal Engine/phasmophilia/Phasmofilia/Content/Props/Textures/Boombox/T_boomBox_C.ubulk" 390
"D:/Unreal Engine/phasmophilia/Phasmofilia/Content/Props/Materials/M_Boombox.uasset" 391
"D:/Unreal Engine/phasmophilia/Phasmofilia/Content/Props/Materials/M_Boombox.uexp" 392
"D:/Unreal Engine/phasmophilia/Phasmofilia/Content/Props/Meshes/SM_Boombox_boomBoxHandle_GEO.uasset" 393
"D:/Unreal Engine/phasmophilia/Phasmofilia/Content/Props/Meshes/SM_Boombox_boomBoxHandle_GEO.uexp" 394
"D:/Unreal Engine/phasmophilia/Phasmofilia/Content/Props/Meshes/BoomBox.uasset" 395
"D:/Unreal Engine/phasmophilia/Phasmofilia/Content/Props/Meshes/BoomBox.uexp" 396
"D:/Unreal Engine/phasmophilia/Phasmofilia/Content/StarterContent/Textures/T_Dust_Particle_D.uasset" 397
"D:/Unreal Engine/phasmophilia/Phasmofilia/Content/StarterContent/Textures/T_Dust_Particle_D.uexp" 398
"D:/Unreal Engine/phasmophilia/Phasmofilia/Content/StarterContent/Textures/T_Dust_Particle_D.ubulk" 399
"D:/Unreal Engine/phasmophilia/Phasmofilia/Content/Materials/M_Dust.uasset" 400
"D:/Unreal Engine/phasmophilia/Phasmofilia/Content/Materials/M_Dust.uexp" 401
"D:/Unreal Engine/phasmophilia/Phasmofilia/Content/Particles/P_Dust.uasset" 402
"D:/Unreal Engine/phasmophilia/Phasmofilia/Content/Particles/P_Dust.uexp" 403
"D:/Unreal Engine/phasmophilia/Phasmofilia/Content/Assets/Textures/T_Metal_Painted01_D.uasset" 404
"D:/Unreal Engine/phasmophilia/Phasmofilia/Content/Assets/Textures/T_Metal_Painted01_D.uexp" 405
"D:/Unreal Engine/phasmophilia/Phasmofilia/Content/Assets/Textures/T_Metal_Painted01_D.ubulk" 406
"D:/Unreal Engine/phasmophilia/Phasmofilia/Content/Assets/Textures/T_Light_Fluorescent_N.uasset" 407
"D:/Unreal Engine/phasmophilia/Phasmofilia/Content/Assets/Textures/T_Light_Fluorescent_N.uexp" 408
"D:/Unreal Engine/phasmophilia/Phasmofilia/Content/Assets/Textures/T_Light_Fluorescent_N.ubulk" 409
"D:/Unreal Engine/phasmophilia/Phasmofilia/Content/Assets/Materials/M_Rubber.uasset" 410
"D:/Unreal Engine/phasmophilia/Phasmofilia/Content/Assets/Materials/M_Rubber.uexp" 411
"D:/Unreal Engine/phasmophilia/Phasmofilia/Content/Assets/Textures/T_Light_Fluorescent_M.uasset" 412
"D:/Unreal Engine/phasmophilia/Phasmofilia/Content/Assets/Textures/T_Light_Fluorescent_M.uexp" 413
"D:/Unreal Engine/phasmophilia/Phasmofilia/Content/Assets/Textures/T_Light_Fluorescent_M.ubulk" 414
"../../../Engine/Content/Functions/MaterialLayerFunctions/MatLayerBlend_AO.uasset" 415
"../../../Engine/Content/Functions/MaterialLayerFunctions/MatLayerBlend_AO.uexp" 416
"D:/Unreal Engine/phasmophilia/Phasmofilia/Content/Assets/Textures/T_Metal_Painted01_N.uasset" 417
"D:/Unreal Engine/phasmophilia/Phasmofilia/Content/Assets/Textures/T_Metal_Painted01_N.uexp" 418
"D:/Unreal Engine/phasmophilia/Phasmofilia/Content/Assets/Textures/T_Metal_Painted01_N.ubulk" 419
"D:/Unreal Engine/phasmophilia/Phasmofilia/Content/Assets/Material_Layers/ML_Metal_Painted_01_Dull.uasset" 420
"D:/Unreal Engine/phasmophilia/Phasmofilia/Content/Assets/Material_Layers/ML_Metal_Painted_01_Dull.uexp" 421
"D:/Unreal Engine/phasmophilia/Phasmofilia/Content/Assets/Textures/T_Base_Metal_Light_N.uasset" 422
"D:/Unreal Engine/phasmophilia/Phasmofilia/Content/Assets/Textures/T_Base_Metal_Light_N.uexp" 423
"D:/Unreal Engine/phasmophilia/Phasmofilia/Content/Assets/Textures/T_Base_Metal_Light_N.ubulk" 424
"D:/Unreal Engine/phasmophilia/Phasmofilia/Content/Assets/Textures/T_Base_Metal_Light_D.uasset" 425
"D:/Unreal Engine/phasmophilia/Phasmofilia/Content/Assets/Textures/T_Base_Metal_Light_D.uexp" 426
"D:/Unreal Engine/phasmophilia/Phasmofilia/Content/Assets/Textures/T_Base_Metal_Light_D.ubulk" 427
"D:/Unreal Engine/phasmophilia/Phasmofilia/Content/Assets/Material_Layers/ML_Metal_Base_01.uasset" 428
"D:/Unreal Engine/phasmophilia/Phasmofilia/Content/Assets/Material_Layers/ML_Metal_Base_01.uexp" 429
"D:/Unreal Engine/phasmophilia/Phasmofilia/Content/Assets/Textures/T_Grime_N.uasset" 430
"D:/Unreal Engine/phasmophilia/Phasmofilia/Content/Assets/Textures/T_Grime_N.uexp" 431
"D:/Unreal Engine/phasmophilia/Phasmofilia/Content/Assets/Textures/T_Grime_N.ubulk" 432
"D:/Unreal Engine/phasmophilia/Phasmofilia/Content/Assets/Textures/T_Grime_D.uasset" 433
"D:/Unreal Engine/phasmophilia/Phasmofilia/Content/Assets/Textures/T_Grime_D.uexp" 434
"D:/Unreal Engine/phasmophilia/Phasmofilia/Content/Assets/Textures/T_Grime_D.ubulk" 435
"D:/Unreal Engine/phasmophilia/Phasmofilia/Content/Assets/Material_Layers/ML_Grime01.uasset" 436
"D:/Unreal Engine/phasmophilia/Phasmofilia/Content/Assets/Material_Layers/ML_Grime01.uexp" 437
"../../../Engine/Content/Functions/MaterialLayerFunctions/MatLayerBlend_Stain.uasset" 438
"../../../Engine/Content/Functions/MaterialLayerFunctions/MatLayerBlend_Stain.uexp" 439
"../../../Engine/Content/Functions/Engine_MaterialFunctions02/Utility/BlendAngleCorrectedNormals.uasset" 440
"../../../Engine/Content/Functions/Engine_MaterialFunctions02/Utility/BlendAngleCorrectedNormals.uexp" 441
"../../../Engine/Content/Functions/MaterialLayerFunctions/MatLayerBlend_BakedNormal.uasset" 442
"../../../Engine/Content/Functions/MaterialLayerFunctions/MatLayerBlend_BakedNormal.uexp" 443
"D:/Unreal Engine/phasmophilia/Phasmofilia/Content/Assets/Textures/T_Rust_N.uasset" 444
"D:/Unreal Engine/phasmophilia/Phasmofilia/Content/Assets/Textures/T_Rust_N.uexp" 445
"D:/Unreal Engine/phasmophilia/Phasmofilia/Content/Assets/Textures/T_Rust_N.ubulk" 446
"D:/Unreal Engine/phasmophilia/Phasmofilia/Content/Assets/Textures/T_Rust_D.uasset" 447
"D:/Unreal Engine/phasmophilia/Phasmofilia/Content/Assets/Textures/T_Rust_D.uexp" 448
"D:/Unreal Engine/phasmophilia/Phasmofilia/Content/Assets/Textures/T_Rust_D.ubulk" 449
"D:/Unreal Engine/phasmophilia/Phasmofilia/Content/Assets/Material_Layers/ML_Rust.uasset" 450
"D:/Unreal Engine/phasmophilia/Phasmofilia/Content/Assets/Material_Layers/ML_Rust.uexp" 451
"../../../Engine/Content/Functions/MaterialLayerFunctions/MatLayerBlend_Standard.uasset" 452
"../../../Engine/Content/Functions/MaterialLayerFunctions/MatLayerBlend_Standard.uexp" 453
"D:/Unreal Engine/phasmophilia/Phasmofilia/Content/Assets/Materials/MatLayer_FeatureLevelSwithc.uasset" 454
"D:/Unreal Engine/phasmophilia/Phasmofilia/Content/Assets/Materials/MatLayer_FeatureLevelSwithc.uexp" 455
"D:/Unreal Engine/phasmophilia/Phasmofilia/Content/Assets/Materials/M_Light_Flourescent.uasset" 456
"D:/Unreal Engine/phasmophilia/Phasmofilia/Content/Assets/Materials/M_Light_Flourescent.uexp" 457
"D:/Unreal Engine/phasmophilia/Phasmofilia/Content/Assets/Materials/Emissive.uasset" 458
"D:/Unreal Engine/phasmophilia/Phasmofilia/Content/Assets/Materials/Emissive.uexp" 459
"D:/Unreal Engine/phasmophilia/Phasmofilia/Content/Assets/Materials/Emissive_Inst2.uasset" 460
"D:/Unreal Engine/phasmophilia/Phasmofilia/Content/Assets/Materials/Emissive_Inst2.uexp" 461
"D:/Unreal Engine/phasmophilia/Phasmofilia/Content/Assets/Mesh/SM_Light_Fluorescent_Hanging_02.uasset" 462
"D:/Unreal Engine/phasmophilia/Phasmofilia/Content/Assets/Mesh/SM_Light_Fluorescent_Hanging_02.uexp" 463
"D:/Unreal Engine/phasmophilia/Phasmofilia/Content/Assets/Materials/M_Emissive.uasset" 464
"D:/Unreal Engine/phasmophilia/Phasmofilia/Content/Assets/Materials/M_Emissive.uexp" 465
"D:/Unreal Engine/phasmophilia/Phasmofilia/Content/Assets/Mesh/SM_Light_Fluorescent_01.uasset" 466
"D:/Unreal Engine/phasmophilia/Phasmofilia/Content/Assets/Mesh/SM_Light_Fluorescent_01.uexp" 467
"D:/Unreal Engine/phasmophilia/Phasmofilia/Content/Assets/Textures/T_Reflection_Tiles_M.uasset" 468
"D:/Unreal Engine/phasmophilia/Phasmofilia/Content/Assets/Textures/T_Reflection_Tiles_M.uexp" 469
"D:/Unreal Engine/phasmophilia/Phasmofilia/Content/Assets/Textures/T_Reflection_Tiles_M.ubulk" 470
"D:/Unreal Engine/phasmophilia/Phasmofilia/Content/Assets/Textures/T_Reflection_Tiles_N.uasset" 471
"D:/Unreal Engine/phasmophilia/Phasmofilia/Content/Assets/Textures/T_Reflection_Tiles_N.uexp" 472
"D:/Unreal Engine/phasmophilia/Phasmofilia/Content/Assets/Textures/T_Reflection_Tiles_N.ubulk" 473
"D:/Unreal Engine/phasmophilia/Phasmofilia/Content/Assets/Textures/T_Reflection_Tiles_D.uasset" 474
"D:/Unreal Engine/phasmophilia/Phasmofilia/Content/Assets/Textures/T_Reflection_Tiles_D.uexp" 475
"D:/Unreal Engine/phasmophilia/Phasmofilia/Content/Assets/Textures/T_Reflection_Tiles_D.ubulk" 476
"D:/Unreal Engine/phasmophilia/Phasmofilia/Content/Assets/Material_Layers/ML_Tiles_Whole.uasset" 477
"D:/Unreal Engine/phasmophilia/Phasmofilia/Content/Assets/Material_Layers/ML_Tiles_Whole.uexp" 478
"D:/Unreal Engine/phasmophilia/Phasmofilia/Content/Assets/Textures/T_Reflection_Tiles_Broken_N.uasset" 479
"D:/Unreal Engine/phasmophilia/Phasmofilia/Content/Assets/Textures/T_Reflection_Tiles_Broken_N.uexp" 480
"D:/Unreal Engine/phasmophilia/Phasmofilia/Content/Assets/Textures/T_Reflection_Tiles_Broken_N.ubulk" 481
"D:/Unreal Engine/phasmophilia/Phasmofilia/Content/Assets/Textures/T_Reflection_Tiles_Broken_D.uasset" 482
"D:/Unreal Engine/phasmophilia/Phasmofilia/Content/Assets/Textures/T_Reflection_Tiles_Broken_D.uexp" 483
"D:/Unreal Engine/phasmophilia/Phasmofilia/Content/Assets/Textures/T_Reflection_Tiles_Broken_D.ubulk" 484
"D:/Unreal Engine/phasmophilia/Phasmofilia/Content/Assets/Material_Layers/ML_Tiles_Broken.uasset" 485
"D:/Unreal Engine/phasmophilia/Phasmofilia/Content/Assets/Material_Layers/ML_Tiles_Broken.uexp" 486
"D:/Unreal Engine/phasmophilia/Phasmofilia/Content/Assets/Textures/T_WaterTextures_M.uasset" 487
"D:/Unreal Engine/phasmophilia/Phasmofilia/Content/Assets/Textures/T_WaterTextures_M.uexp" 488
"D:/Unreal Engine/phasmophilia/Phasmofilia/Content/Assets/Textures/T_WaterTextures_M.ubulk" 489
"D:/Unreal Engine/phasmophilia/Phasmofilia/Content/Assets/Material_Layers/MF_BlendAlpha_Vertex.uasset" 490
"D:/Unreal Engine/phasmophilia/Phasmofilia/Content/Assets/Material_Layers/MF_BlendAlpha_Vertex.uexp" 491
"D:/Unreal Engine/phasmophilia/Phasmofilia/Content/Assets/Materials/M_Tiles_Wall_Mesh_Paint.uasset" 492
"D:/Unreal Engine/phasmophilia/Phasmofilia/Content/Assets/Materials/M_Tiles_Wall_Mesh_Paint.uexp" 493
"D:/Unreal Engine/phasmophilia/Phasmofilia/Content/Assets/Mesh/SM_Hallway_Wall_Corner_Outer_Curved_300.uasset" 494
"D:/Unreal Engine/phasmophilia/Phasmofilia/Content/Assets/Mesh/SM_Hallway_Wall_Corner_Outer_Curved_300.uexp" 495
"D:/Unreal Engine/phasmophilia/Phasmofilia/Content/Assets/Mesh/SM_Hallway_Wall_Corner_Inner_Curved_600.uasset" 496
"D:/Unreal Engine/phasmophilia/Phasmofilia/Content/Assets/Mesh/SM_Hallway_Wall_Corner_Inner_Curved_600.uexp" 497
"D:/Unreal Engine/phasmophilia/Phasmofilia/Content/Assets/Mesh/SM_Hallway_Wall_600.uasset" 498
"D:/Unreal Engine/phasmophilia/Phasmofilia/Content/Assets/Mesh/SM_Hallway_Wall_600.uexp" 499
"D:/Unreal Engine/phasmophilia/Phasmofilia/Content/Assets/Textures/T_Hallway_Trashcan_N.uasset" 500
"D:/Unreal Engine/phasmophilia/Phasmofilia/Content/Assets/Textures/T_Hallway_Trashcan_N.uexp" 501
"D:/Unreal Engine/phasmophilia/Phasmofilia/Content/Assets/Textures/T_Hallway_Trashcan_N.ubulk" 502
"D:/Unreal Engine/phasmophilia/Phasmofilia/Content/Assets/Textures/T_Hallway_Trashcan_M.uasset" 503
"D:/Unreal Engine/phasmophilia/Phasmofilia/Content/Assets/Textures/T_Hallway_Trashcan_M.uexp" 504
"D:/Unreal Engine/phasmophilia/Phasmofilia/Content/Assets/Textures/T_Hallway_Trashcan_M.ubulk" 505
"D:/Unreal Engine/phasmophilia/Phasmofilia/Content/Assets/Material_Layers/ML_Mirror_Grunge.uasset" 506
"D:/Unreal Engine/phasmophilia/Phasmofilia/Content/Assets/Material_Layers/ML_Mirror_Grunge.uexp" 507
"D:/Unreal Engine/phasmophilia/Phasmofilia/Content/Assets/Materials/M_Trashcan.uasset" 508
"D:/Unreal Engine/phasmophilia/Phasmofilia/Content/Assets/Materials/M_Trashcan.uexp" 509
"D:/Unreal Engine/phasmophilia/Phasmofilia/Content/Assets/Mesh/SM_Hallway_Trashcan01.uasset" 510
"D:/Unreal Engine/phasmophilia/Phasmofilia/Content/Assets/Mesh/SM_Hallway_Trashcan01.uexp" 511
"D:/Unreal Engine/phasmophilia/Phasmofilia/Content/Assets/Textures/T_Trashbag_N.uasset" 512
"D:/Unreal Engine/phasmophilia/Phasmofilia/Content/Assets/Textures/T_Trashbag_N.uexp" 513
"D:/Unreal Engine/phasmophilia/Phasmofilia/Content/Assets/Textures/T_Trashbag_N.ubulk" 514
"D:/Unreal Engine/phasmophilia/Phasmofilia/Content/Assets/Materials/M_Trashbag.uasset" 515
"D:/Unreal Engine/phasmophilia/Phasmofilia/Content/Assets/Materials/M_Trashbag.uexp" 516
"D:/Unreal Engine/phasmophilia/Phasmofilia/Content/Assets/Mesh/SM_Hallway_Trashbag.uasset" 517
"D:/Unreal Engine/phasmophilia/Phasmofilia/Content/Assets/Mesh/SM_Hallway_Trashbag.uexp" 518
"D:/Unreal Engine/phasmophilia/Phasmofilia/Content/Assets/Textures/T_Plaster02_N.uasset" 519
"D:/Unreal Engine/phasmophilia/Phasmofilia/Content/Assets/Textures/T_Plaster02_N.uexp" 520
"D:/Unreal Engine/phasmophilia/Phasmofilia/Content/Assets/Textures/T_Plaster02_N.ubulk" 521
"D:/Unreal Engine/phasmophilia/Phasmofilia/Content/Assets/Textures/T_Plaster02_D.uasset" 522
"D:/Unreal Engine/phasmophilia/Phasmofilia/Content/Assets/Textures/T_Plaster02_D.uexp" 523
"D:/Unreal Engine/phasmophilia/Phasmofilia/Content/Assets/Textures/T_Plaster02_D.ubulk" 524
"D:/Unreal Engine/phasmophilia/Phasmofilia/Content/Assets/Material_Layers/ML_Plaster02.uasset" 525
"D:/Unreal Engine/phasmophilia/Phasmofilia/Content/Assets/Material_Layers/ML_Plaster02.uexp" 526
"D:/Unreal Engine/phasmophilia/Phasmofilia/Content/Assets/Textures/T_Concrete_Wall01_N.uasset" 527
"D:/Unreal Engine/phasmophilia/Phasmofilia/Content/Assets/Textures/T_Concrete_Wall01_N.uexp" 528
"D:/Unreal Engine/phasmophilia/Phasmofilia/Content/Assets/Textures/T_Concrete_Wall01_N.ubulk" 529
"D:/Unreal Engine/phasmophilia/Phasmofilia/Content/Assets/Textures/T_Concrete_Wall01_D.uasset" 530
"D:/Unreal Engine/phasmophilia/Phasmofilia/Content/Assets/Textures/T_Concrete_Wall01_D.uexp" 531
"D:/Unreal Engine/phasmophilia/Phasmofilia/Content/Assets/Textures/T_Concrete_Wall01_D.ubulk" 532
"D:/Unreal Engine/phasmophilia/Phasmofilia/Content/Assets/Material_Layers/ML_Concrete_Wall01.uasset" 533
"D:/Unreal Engine/phasmophilia/Phasmofilia/Content/Assets/Material_Layers/ML_Concrete_Wall01.uexp" 534
"D:/Unreal Engine/phasmophilia/Phasmofilia/Content/Assets/Materials/M_Ceiling_Mesh_Paint.uasset" 535
"D:/Unreal Engine/phasmophilia/Phasmofilia/Content/Assets/Materials/M_Ceiling_Mesh_Paint.uexp" 536
"D:/Unreal Engine/phasmophilia/Phasmofilia/Content/Assets/Mesh/SM_Hallway_Stairs_300.uasset" 537
"D:/Unreal Engine/phasmophilia/Phasmofilia/Content/Assets/Mesh/SM_Hallway_Stairs_300.uexp" 538
"D:/Unreal Engine/phasmophilia/Phasmofilia/Content/Assets/Textures/T_Hallway_Signs_D4.uasset" 539
"D:/Unreal Engine/phasmophilia/Phasmofilia/Content/Assets/Textures/T_Hallway_Signs_D4.uexp" 540
"D:/Unreal Engine/phasmophilia/Phasmofilia/Content/Assets/Textures/T_Hallway_Signs_D4.ubulk" 541
"D:/Unreal Engine/phasmophilia/Phasmofilia/Content/Assets/Textures/T_Environment_Materials_Wet_TilingFlow02_N.uasset" 542
"D:/Unreal Engine/phasmophilia/Phasmofilia/Content/Assets/Textures/T_Environment_Materials_Wet_TilingFlow02_N.uexp" 543
"D:/Unreal Engine/phasmophilia/Phasmofilia/Content/Assets/Textures/T_Environment_Materials_Wet_TilingFlow02_N.ubulk" 544
"D:/Unreal Engine/phasmophilia/Phasmofilia/Content/Assets/Materials/M_Signs.uasset" 545
"D:/Unreal Engine/phasmophilia/Phasmofilia/Content/Assets/Materials/M_Signs.uexp" 546
"D:/Unreal Engine/phasmophilia/Phasmofilia/Content/Assets/Materials/M_Signs_Inst.uasset" 547
"D:/Unreal Engine/phasmophilia/Phasmofilia/Content/Assets/Materials/M_Signs_Inst.uexp" 548
"D:/Unreal Engine/phasmophilia/Phasmofilia/Content/Assets/Materials/M_Poster_Trim.uasset" 549
"D:/Unreal Engine/phasmophilia/Phasmofilia/Content/Assets/Materials/M_Poster_Trim.uexp" 550
"D:/Unreal Engine/phasmophilia/Phasmofilia/Content/Assets/Mesh/SM_Hallway_Poster05.uasset" 551
"D:/Unreal Engine/phasmophilia/Phasmofilia/Content/Assets/Mesh/SM_Hallway_Poster05.uexp" 552
"D:/Unreal Engine/phasmophilia/Phasmofilia/Content/Assets/Mesh/SM_Hallway_Poster01.uasset" 553
"D:/Unreal Engine/phasmophilia/Phasmofilia/Content/Assets/Mesh/SM_Hallway_Poster01.uexp" 554
"D:/Unreal Engine/phasmophilia/Phasmofilia/Content/Assets/Textures/T_Pipe_Valves_02_N.uasset" 555
"D:/Unreal Engine/phasmophilia/Phasmofilia/Content/Assets/Textures/T_Pipe_Valves_02_N.uexp" 556
"D:/Unreal Engine/phasmophilia/Phasmofilia/Content/Assets/Textures/T_Pipe_Valves_02_N.ubulk" 557
"D:/Unreal Engine/phasmophilia/Phasmofilia/Content/Assets/Textures/T_Pipe_Valves_02_M.uasset" 558
"D:/Unreal Engine/phasmophilia/Phasmofilia/Content/Assets/Textures/T_Pipe_Valves_02_M.uexp" 559
"D:/Unreal Engine/phasmophilia/Phasmofilia/Content/Assets/Textures/T_Pipe_Valves_02_M.ubulk" 560
"D:/Unreal Engine/phasmophilia/Phasmofilia/Content/Assets/Textures/T_White_Painted_Metal_N.uasset" 561
"D:/Unreal Engine/phasmophilia/Phasmofilia/Content/Assets/Textures/T_White_Painted_Metal_N.uexp" 562
"D:/Unreal Engine/phasmophilia/Phasmofilia/Content/Assets/Textures/T_White_Painted_Metal_N.ubulk" 563
"D:/Unreal Engine/phasmophilia/Phasmofilia/Content/Assets/Textures/T_Painted_Metal_02_D.uasset" 564
"D:/Unreal Engine/phasmophilia/Phasmofilia/Content/Assets/Textures/T_Painted_Metal_02_D.uexp" 565
"D:/Unreal Engine/phasmophilia/Phasmofilia/Content/Assets/Textures/T_Painted_Metal_02_D.ubulk" 566
"D:/Unreal Engine/phasmophilia/Phasmofilia/Content/Assets/Material_Layers/ML_Valve.uasset" 567
"D:/Unreal Engine/phasmophilia/Phasmofilia/Content/Assets/Material_Layers/ML_Valve.uexp" 568
"D:/Unreal Engine/phasmophilia/Phasmofilia/Content/Assets/Materials/M_Pipe_Valve_02.uasset" 569
"D:/Unreal Engine/phasmophilia/Phasmofilia/Content/Assets/Materials/M_Pipe_Valve_02.uexp" 570
"D:/Unreal Engine/phasmophilia/Phasmofilia/Content/Assets/Textures/T_Pipe_Valves_01_N.uasset" 571
"D:/Unreal Engine/phasmophilia/Phasmofilia/Content/Assets/Textures/T_Pipe_Valves_01_N.uexp" 572
"D:/Unreal Engine/phasmophilia/Phasmofilia/Content/Assets/Textures/T_Pipe_Valves_01_N.ubulk" 573
"D:/Unreal Engine/phasmophilia/Phasmofilia/Content/Assets/Textures/T_Pipe_Valves_01_M.uasset" 574
"D:/Unreal Engine/phasmophilia/Phasmofilia/Content/Assets/Textures/T_Pipe_Valves_01_M.uexp" 575
"D:/Unreal Engine/phasmophilia/Phasmofilia/Content/Assets/Textures/T_Pipe_Valves_01_M.ubulk" 576
"D:/Unreal Engine/phasmophilia/Phasmofilia/Content/Assets/Materials/M_Pipe_Valve_01.uasset" 577
"D:/Unreal Engine/phasmophilia/Phasmofilia/Content/Assets/Materials/M_Pipe_Valve_01.uexp" 578
"D:/Unreal Engine/phasmophilia/Phasmofilia/Content/Assets/Mesh/SM_Hallway_Pipe_Valve.uasset" 579
"D:/Unreal Engine/phasmophilia/Phasmofilia/Content/Assets/Mesh/SM_Hallway_Pipe_Valve.uexp" 580
"D:/Unreal Engine/phasmophilia/Phasmofilia/Content/Assets/Textures/T_Clamp01_M.uasset" 581
"D:/Unreal Engine/phasmophilia/Phasmofilia/Content/Assets/Textures/T_Clamp01_M.uexp" 582
"D:/Unreal Engine/phasmophilia/Phasmofilia/Content/Assets/Textures/T_Clamp01_M.ubulk" 583
"../../../Engine/Content/Functions/MaterialLayerFunctions/MatLayerBlend_ModulateRoughness.uasset" 584
"../../../Engine/Content/Functions/MaterialLayerFunctions/MatLayerBlend_ModulateRoughness.uexp" 585
"D:/Unreal Engine/phasmophilia/Phasmofilia/Content/Assets/Materials/M_Base_Pipe.uasset" 586
"D:/Unreal Engine/phasmophilia/Phasmofilia/Content/Assets/Materials/M_Base_Pipe.uexp" 587
"D:/Unreal Engine/phasmophilia/Phasmofilia/Content/Assets/Mesh/SM_Hallway_Pipe_TJunction.uasset" 588
"D:/Unreal Engine/phasmophilia/Phasmofilia/Content/Assets/Mesh/SM_Hallway_Pipe_TJunction.uexp" 589
"D:/Unreal Engine/phasmophilia/Phasmofilia/Content/Assets/Materials/M_Pipes_Small.uasset" 590
"D:/Unreal Engine/phasmophilia/Phasmofilia/Content/Assets/Materials/M_Pipes_Small.uexp" 591
"D:/Unreal Engine/phasmophilia/Phasmofilia/Content/Assets/Mesh/SM_Hallway_Pipe_Small_90.uasset" 592
"D:/Unreal Engine/phasmophilia/Phasmofilia/Content/Assets/Mesh/SM_Hallway_Pipe_Small_90.uexp" 593
"D:/Unreal Engine/phasmophilia/Phasmofilia/Content/Assets/Mesh/SM_Hallway_Pipe_Small_300.uasset" 594
"D:/Unreal Engine/phasmophilia/Phasmofilia/Content/Assets/Mesh/SM_Hallway_Pipe_Small_300.uexp" 595
"D:/Unreal Engine/phasmophilia/Phasmofilia/Content/Assets/Textures/T_Metal_Rust_Blends_02_M.uasset" 596
"D:/Unreal Engine/phasmophilia/Phasmofilia/Content/Assets/Textures/T_Metal_Rust_Blends_02_M.uexp" 597
"D:/Unreal Engine/phasmophilia/Phasmofilia/Content/Assets/Textures/T_Metal_Rust_Blends_02_M.ubulk" 598
"D:/Unreal Engine/phasmophilia/Phasmofilia/Content/Assets/Textures/T_Clamp_N.uasset" 599
"D:/Unreal Engine/phasmophilia/Phasmofilia/Content/Assets/Textures/T_Clamp_N.uexp" 600
"D:/Unreal Engine/phasmophilia/Phasmofilia/Content/Assets/Textures/T_Clamp_N.ubulk" 601
"D:/Unreal Engine/phasmophilia/Phasmofilia/Content/Assets/Textures/T_Clamp_M.uasset" 602
"D:/Unreal Engine/phasmophilia/Phasmofilia/Content/Assets/Textures/T_Clamp_M.uexp" 603
"D:/Unreal Engine/phasmophilia/Phasmofilia/Content/Assets/Textures/T_Clamp_M.ubulk" 604
"D:/Unreal Engine/phasmophilia/Phasmofilia/Content/Assets/Materials/M_Pipe_Clamps.uasset" 605
"D:/Unreal Engine/phasmophilia/Phasmofilia/Content/Assets/Materials/M_Pipe_Clamps.uexp" 606
"D:/Unreal Engine/phasmophilia/Phasmofilia/Content/Assets/Mesh/SM_Hallway_Pipe_Clamp01.uasset" 607
"D:/Unreal Engine/phasmophilia/Phasmofilia/Content/Assets/Mesh/SM_Hallway_Pipe_Clamp01.uexp" 608
"D:/Unreal Engine/phasmophilia/Phasmofilia/Content/Assets/Mesh/SM_Hallway_Pipe01_100_Bent_90Tight.uasset" 609
"D:/Unreal Engine/phasmophilia/Phasmofilia/Content/Assets/Mesh/SM_Hallway_Pipe01_100_Bent_90Tight.uexp" 610
"D:/Unreal Engine/phasmophilia/Phasmofilia/Content/Assets/Mesh/SM_Hallway_Pipe01_100.uasset" 611
"D:/Unreal Engine/phasmophilia/Phasmofilia/Content/Assets/Mesh/SM_Hallway_Pipe01_100.uexp" 612
"D:/Unreal Engine/phasmophilia/Phasmofilia/Content/Assets/Mesh/SM_Hallway_Pillar02.uasset" 613
"D:/Unreal Engine/phasmophilia/Phasmofilia/Content/Assets/Mesh/SM_Hallway_Pillar02.uexp" 614
"D:/Unreal Engine/phasmophilia/Phasmofilia/Content/Assets/Mesh/SM_Hallway_Pillar01.uasset" 615
"D:/Unreal Engine/phasmophilia/Phasmofilia/Content/Assets/Mesh/SM_Hallway_Pillar01.uexp" 616
"D:/Unreal Engine/phasmophilia/Phasmofilia/Content/Assets/Textures/T_Hallway_Gate_N.uasset" 617
"D:/Unreal Engine/phasmophilia/Phasmofilia/Content/Assets/Textures/T_Hallway_Gate_N.uexp" 618
"D:/Unreal Engine/phasmophilia/Phasmofilia/Content/Assets/Textures/T_Hallway_Gate_N.ubulk" 619
"D:/Unreal Engine/phasmophilia/Phasmofilia/Content/Assets/Textures/T_Hallway_Gate_M.uasset" 620
"D:/Unreal Engine/phasmophilia/Phasmofilia/Content/Assets/Textures/T_Hallway_Gate_M.uexp" 621
"D:/Unreal Engine/phasmophilia/Phasmofilia/Content/Assets/Textures/T_Hallway_Gate_M.ubulk" 622
"D:/Unreal Engine/phasmophilia/Phasmofilia/Content/Assets/Materials/M_Gate.uasset" 623
"D:/Unreal Engine/phasmophilia/Phasmofilia/Content/Assets/Materials/M_Gate.uexp" 624
"D:/Unreal Engine/phasmophilia/Phasmofilia/Content/Assets/Mesh/SM_Hallway_Gate01.uasset" 625
"D:/Unreal Engine/phasmophilia/Phasmofilia/Content/Assets/Mesh/SM_Hallway_Gate01.uexp" 626
"D:/Unreal Engine/phasmophilia/Phasmofilia/Content/Assets/Textures/T_Concrete_2_D.uasset" 627
"D:/Unreal Engine/phasmophilia/Phasmofilia/Content/Assets/Textures/T_Concrete_2_D.uexp" 628
"D:/Unreal Engine/phasmophilia/Phasmofilia/Content/Assets/Textures/T_Concrete_2_D.ubulk" 629
"D:/Unreal Engine/phasmophilia/Phasmofilia/Content/Assets/Materials/Grey.uasset" 630
"D:/Unreal Engine/phasmophilia/Phasmofilia/Content/Assets/Materials/Grey.uexp" 631
"D:/Unreal Engine/phasmophilia/Phasmofilia/Content/Assets/Mesh/SM_Hallway_Floor_600_Simple.uasset" 632
"D:/Unreal Engine/phasmophilia/Phasmofilia/Content/Assets/Mesh/SM_Hallway_Floor_600_Simple.uexp" 633
"D:/Unreal Engine/phasmophilia/Phasmofilia/Content/Assets/Audio/Ambient/Amb_IntRoomtone_Cue.uasset" 634
"D:/Unreal Engine/phasmophilia/Phasmofilia/Content/Assets/Audio/Ambient/Amb_IntRoomtone_Cue.uexp" 635
"D:/Unreal Engine/phasmophilia/Phasmofilia/Content/Assets/Textures/T_Floor_Tiles_N.uasset" 636
"D:/Unreal Engine/phasmophilia/Phasmofilia/Content/Assets/Textures/T_Floor_Tiles_N.uexp" 637
"D:/Unreal Engine/phasmophilia/Phasmofilia/Content/Assets/Textures/T_Floor_Tiles_N.ubulk" 638
"D:/Unreal Engine/phasmophilia/Phasmofilia/Content/Assets/Textures/T_Floor_Tiles_D.uasset" 639
"D:/Unreal Engine/phasmophilia/Phasmofilia/Content/Assets/Textures/T_Floor_Tiles_D.uexp" 640
"D:/Unreal Engine/phasmophilia/Phasmofilia/Content/Assets/Textures/T_Floor_Tiles_D.ubulk" 641
"D:/Unreal Engine/phasmophilia/Phasmofilia/Content/Assets/Material_Layers/ML_Floor_Tile.uasset" 642
"D:/Unreal Engine/phasmophilia/Phasmofilia/Content/Assets/Material_Layers/ML_Floor_Tile.uexp" 643
"D:/Unreal Engine/phasmophilia/Phasmofilia/Content/Assets/Material_Layers/MF_GroundWetness.uasset" 644
"D:/Unreal Engine/phasmophilia/Phasmofilia/Content/Assets/Material_Layers/MF_GroundWetness.uexp" 645
"D:/Unreal Engine/phasmophilia/Phasmofilia/Content/Assets/Materials/M_Floor_Water_Mesh_Paint.uasset" 646
"D:/Unreal Engine/phasmophilia/Phasmofilia/Content/Assets/Materials/M_Floor_Water_Mesh_Paint.uexp" 647
"D:/Unreal Engine/phasmophilia/Phasmofilia/Content/Assets/Materials/M_Floor_Water_Mesh_Paint_Inst.uasset" 648
"D:/Unreal Engine/phasmophilia/Phasmofilia/Content/Assets/Materials/M_Floor_Water_Mesh_Paint_Inst.uexp" 649
"D:/Unreal Engine/phasmophilia/Phasmofilia/Content/Assets/Materials/M_Ceiling_Mesh_Paint_Inst.uasset" 650
"D:/Unreal Engine/phasmophilia/Phasmofilia/Content/Assets/Materials/M_Ceiling_Mesh_Paint_Inst.uexp" 651
"D:/Unreal Engine/phasmophilia/Phasmofilia/Content/Maps/HorrorLevel_BuiltData.uasset" 652
"D:/Unreal Engine/phasmophilia/Phasmofilia/Content/Maps/HorrorLevel_BuiltData.uexp" 653
"D:/Unreal Engine/phasmophilia/Phasmofilia/Content/Maps/HorrorLevel_BuiltData.ubulk" 654
"D:/Unreal Engine/phasmophilia/Phasmofilia/Content/Blueprints/Interfaces/BPI_NonDirectInteraction.uasset" 655
"D:/Unreal Engine/phasmophilia/Phasmofilia/Content/Blueprints/Interfaces/BPI_NonDirectInteraction.uexp" 656
"D:/Unreal Engine/phasmophilia/Phasmofilia/Content/Blueprints/Actors/NonDirectInteraction/BP_NonDirectInteractionBase.uasset" 657
"D:/Unreal Engine/phasmophilia/Phasmofilia/Content/Blueprints/Actors/NonDirectInteraction/BP_NonDirectInteractionBase.uexp" 658
"D:/Unreal Engine/phasmophilia/Phasmofilia/Content/Sounds/MetalHeavyDoor/metal_heavy_door_move.uasset" 659
"D:/Unreal Engine/phasmophilia/Phasmofilia/Content/Sounds/MetalHeavyDoor/metal_heavy_door_move.uexp" 660
"D:/Unreal Engine/phasmophilia/Phasmofilia/Content/Sounds/MetalHeavyDoor/metal_heavy_door_finished.uasset" 661
"D:/Unreal Engine/phasmophilia/Phasmofilia/Content/Sounds/MetalHeavyDoor/metal_heavy_door_finished.uexp" 662
"D:/Unreal Engine/phasmophilia/Phasmofilia/Content/Sounds/metal_lever_switch.uasset" 663
"D:/Unreal Engine/phasmophilia/Phasmofilia/Content/Sounds/metal_lever_switch.uexp" 664
"D:/Unreal Engine/phasmophilia/Phasmofilia/Content/Sounds/locker_open_door.uasset" 665
"D:/Unreal Engine/phasmophilia/Phasmofilia/Content/Sounds/locker_open_door.uexp" 666
"D:/Unreal Engine/phasmophilia/Phasmofilia/Content/Sounds/locker_close_door.uasset" 667
"D:/Unreal Engine/phasmophilia/Phasmofilia/Content/Sounds/locker_close_door.uexp" 668
"D:/Unreal Engine/phasmophilia/Phasmofilia/Content/Sounds/flashlight_on.uasset" 669
"D:/Unreal Engine/phasmophilia/Phasmofilia/Content/Sounds/flashlight_on.uexp" 670
"D:/Unreal Engine/phasmophilia/Phasmofilia/Content/Sounds/flashlight_off.uasset" 671
"D:/Unreal Engine/phasmophilia/Phasmofilia/Content/Sounds/flashlight_off.uexp" 672
"D:/Unreal Engine/phasmophilia/Phasmofilia/Content/Sounds/item_pick_up.uasset" 673
"D:/Unreal Engine/phasmophilia/Phasmofilia/Content/Sounds/item_pick_up.uexp" 674
"D:/Unreal Engine/phasmophilia/Phasmofilia/Content/Sounds/door_open.uasset" 675
"D:/Unreal Engine/phasmophilia/Phasmofilia/Content/Sounds/door_open.uexp" 676
"D:/Unreal Engine/phasmophilia/Phasmofilia/Content/Sounds/door_close.uasset" 677
"D:/Unreal Engine/phasmophilia/Phasmofilia/Content/Sounds/door_close.uexp" 678
"D:/Unreal Engine/phasmophilia/Phasmofilia/Content/Blueprints/Audio/BP_AudioManager.uasset" 679
"D:/Unreal Engine/phasmophilia/Phasmofilia/Content/Blueprints/Audio/BP_AudioManager.uexp" 680
"D:/Unreal Engine/phasmophilia/Phasmofilia/Content/Blueprints/BlueprintComponents/BPC_Flashlight.uasset" 681
"D:/Unreal Engine/phasmophilia/Phasmofilia/Content/Blueprints/BlueprintComponents/BPC_Flashlight.uexp" 682
"D:/Unreal Engine/phasmophilia/Phasmofilia/Content/Sounds/Footsteps/FootstepsGrass/grass_footstep__6_.uasset" 683
"D:/Unreal Engine/phasmophilia/Phasmofilia/Content/Sounds/Footsteps/FootstepsGrass/grass_footstep__6_.uexp" 684
"D:/Unreal Engine/phasmophilia/Phasmofilia/Content/Sounds/Footsteps/FootstepsGrass/grass_footstep__5_.uasset" 685
"D:/Unreal Engine/phasmophilia/Phasmofilia/Content/Sounds/Footsteps/FootstepsGrass/grass_footstep__5_.uexp" 686
"D:/Unreal Engine/phasmophilia/Phasmofilia/Content/Sounds/Footsteps/FootstepsGrass/grass_footstep__4_.uasset" 687
"D:/Unreal Engine/phasmophilia/Phasmofilia/Content/Sounds/Footsteps/FootstepsGrass/grass_footstep__4_.uexp" 688
"D:/Unreal Engine/phasmophilia/Phasmofilia/Content/Sounds/Footsteps/FootstepsGrass/grass_footstep__2_.uasset" 689
"D:/Unreal Engine/phasmophilia/Phasmofilia/Content/Sounds/Footsteps/FootstepsGrass/grass_footstep__2_.uexp" 690
"D:/Unreal Engine/phasmophilia/Phasmofilia/Content/Sounds/Footsteps/FootstepsGrass/grass_footstep__1_.uasset" 691
"D:/Unreal Engine/phasmophilia/Phasmofilia/Content/Sounds/Footsteps/FootstepsGrass/grass_footstep__1_.uexp" 692
"D:/Unreal Engine/phasmophilia/Phasmofilia/Content/Sounds/Footsteps/FootstepsGrass/GrassStepCue.uasset" 693
"D:/Unreal Engine/phasmophilia/Phasmofilia/Content/Sounds/Footsteps/FootstepsGrass/GrassStepCue.uexp" 694
"D:/Unreal Engine/phasmophilia/Phasmofilia/Content/Sounds/Footsteps/FootstepsConcrete/concrete_footstep__7_.uasset" 695
"D:/Unreal Engine/phasmophilia/Phasmofilia/Content/Sounds/Footsteps/FootstepsConcrete/concrete_footstep__7_.uexp" 696
"D:/Unreal Engine/phasmophilia/Phasmofilia/Content/Sounds/Footsteps/FootstepsConcrete/concrete_footstep__6_.uasset" 697
"D:/Unreal Engine/phasmophilia/Phasmofilia/Content/Sounds/Footsteps/FootstepsConcrete/concrete_footstep__6_.uexp" 698
"D:/Unreal Engine/phasmophilia/Phasmofilia/Content/Sounds/Footsteps/FootstepsConcrete/concrete_footstep__4_.uasset" 699
"D:/Unreal Engine/phasmophilia/Phasmofilia/Content/Sounds/Footsteps/FootstepsConcrete/concrete_footstep__4_.uexp" 700
"D:/Unreal Engine/phasmophilia/Phasmofilia/Content/Sounds/Footsteps/FootstepsConcrete/concrete_footstep__3_.uasset" 701
"D:/Unreal Engine/phasmophilia/Phasmofilia/Content/Sounds/Footsteps/FootstepsConcrete/concrete_footstep__3_.uexp" 702
"D:/Unreal Engine/phasmophilia/Phasmofilia/Content/Sounds/Footsteps/FootstepsConcrete/concrete_footstep__2_.uasset" 703
"D:/Unreal Engine/phasmophilia/Phasmofilia/Content/Sounds/Footsteps/FootstepsConcrete/concrete_footstep__2_.uexp" 704
"D:/Unreal Engine/phasmophilia/Phasmofilia/Content/Sounds/Footsteps/FootstepsConcrete/concrete_footstep__1_.uasset" 705
"D:/Unreal Engine/phasmophilia/Phasmofilia/Content/Sounds/Footsteps/FootstepsConcrete/concrete_footstep__1_.uexp" 706
"D:/Unreal Engine/phasmophilia/Phasmofilia/Content/Sounds/Footsteps/FootstepsConcrete/TileFootstepCue.uasset" 707
"D:/Unreal Engine/phasmophilia/Phasmofilia/Content/Sounds/Footsteps/FootstepsConcrete/TileFootstepCue.uexp" 708
"D:/Unreal Engine/phasmophilia/Phasmofilia/Content/Blueprints/Interfaces/BPI_Interaction.uasset" 709
"D:/Unreal Engine/phasmophilia/Phasmofilia/Content/Blueprints/Interfaces/BPI_Interaction.uexp" 710
"D:/Unreal Engine/phasmophilia/Phasmofilia/Content/Blueprints/Interfaces/BPI_Grab.uasset" 711
"D:/Unreal Engine/phasmophilia/Phasmofilia/Content/Blueprints/Interfaces/BPI_Grab.uexp" 712
"D:/Unreal Engine/phasmophilia/Phasmofilia/Content/LightProfilePack/Lighting/Profiles/Capped2.uasset" 713
"D:/Unreal Engine/phasmophilia/Phasmofilia/Content/LightProfilePack/Lighting/Profiles/Capped2.uexp" 714
"D:/Unreal Engine/phasmophilia/Phasmofilia/Content/Textures/GUI/StaminaIcon-01.uasset" 715
"D:/Unreal Engine/phasmophilia/Phasmofilia/Content/Textures/GUI/StaminaIcon-01.uexp" 716
"D:/Unreal Engine/phasmophilia/Phasmofilia/Content/Textures/GUI/HUDProgressBarFull.uasset" 717
"D:/Unreal Engine/phasmophilia/Phasmofilia/Content/Textures/GUI/HUDProgressBarFull.uexp" 718
"D:/Unreal Engine/phasmophilia/Phasmofilia/Content/Textures/GUI/HUDProgressBarEmpty.uasset" 719
"D:/Unreal Engine/phasmophilia/Phasmofilia/Content/Textures/GUI/HUDProgressBarEmpty.uexp" 720
"D:/Unreal Engine/phasmophilia/Phasmofilia/Content/Textures/GUI/HeartIcon-01.uasset" 721
"D:/Unreal Engine/phasmophilia/Phasmofilia/Content/Textures/GUI/HeartIcon-01.uexp" 722
"D:/Unreal Engine/phasmophilia/Phasmofilia/Content/Textures/GUI/BatteryIcon-01.uasset" 723
"D:/Unreal Engine/phasmophilia/Phasmofilia/Content/Textures/GUI/BatteryIcon-01.uexp" 724
"D:/Unreal Engine/phasmophilia/Phasmofilia/Content/Blueprints/BlueprintComponents/BPC_Movement.uasset" 725
"D:/Unreal Engine/phasmophilia/Phasmofilia/Content/Blueprints/BlueprintComponents/BPC_Movement.uexp" 726
"D:/Unreal Engine/phasmophilia/Phasmofilia/Content/Materials/MPC_BloodScreen.uasset" 727
"D:/Unreal Engine/phasmophilia/Phasmofilia/Content/Materials/MPC_BloodScreen.uexp" 728
"D:/Unreal Engine/phasmophilia/Phasmofilia/Content/Blueprints/BlueprintComponents/BPC_HealthComponent.uasset" 729
"D:/Unreal Engine/phasmophilia/Phasmofilia/Content/Blueprints/BlueprintComponents/BPC_HealthComponent.uexp" 730
"D:/Unreal Engine/phasmophilia/Phasmofilia/Content/UMG/GUI/W_Progressbars.uasset" 731
"D:/Unreal Engine/phasmophilia/Phasmofilia/Content/UMG/GUI/W_Progressbars.uexp" 732
"D:/Unreal Engine/phasmophilia/Phasmofilia/Content/Textures/Crosshair.uasset" 733
"D:/Unreal Engine/phasmophilia/Phasmofilia/Content/Textures/Crosshair.uexp" 734
"D:/Unreal Engine/phasmophilia/Phasmofilia/Content/UMG/W_Cross.uasset" 735
"D:/Unreal Engine/phasmophilia/Phasmofilia/Content/UMG/W_Cross.uexp" 736
"D:/Unreal Engine/phasmophilia/Phasmofilia/Content/Fonts/CALIBRIZ.uasset" 737
"D:/Unreal Engine/phasmophilia/Phasmofilia/Content/Fonts/CALIBRIZ.uexp" 738
"D:/Unreal Engine/phasmophilia/Phasmofilia/Content/Fonts/CALIBRIZ.ufont" 739
"D:/Unreal Engine/phasmophilia/Phasmofilia/Content/Fonts/CALIBRILI.uasset" 740
"D:/Unreal Engine/phasmophilia/Phasmofilia/Content/Fonts/CALIBRILI.uexp" 741
"D:/Unreal Engine/phasmophilia/Phasmofilia/Content/Fonts/CALIBRILI.ufont" 742
"D:/Unreal Engine/phasmophilia/Phasmofilia/Content/Fonts/CALIBRIL.uasset" 743
"D:/Unreal Engine/phasmophilia/Phasmofilia/Content/Fonts/CALIBRIL.uexp" 744
"D:/Unreal Engine/phasmophilia/Phasmofilia/Content/Fonts/CALIBRIL.ufont" 745
"D:/Unreal Engine/phasmophilia/Phasmofilia/Content/Fonts/CALIBRII.uasset" 746
"D:/Unreal Engine/phasmophilia/Phasmofilia/Content/Fonts/CALIBRII.uexp" 747
"D:/Unreal Engine/phasmophilia/Phasmofilia/Content/Fonts/CALIBRII.ufont" 748
"D:/Unreal Engine/phasmophilia/Phasmofilia/Content/Fonts/CALIBRIB.uasset" 749
"D:/Unreal Engine/phasmophilia/Phasmofilia/Content/Fonts/CALIBRIB.uexp" 750
"D:/Unreal Engine/phasmophilia/Phasmofilia/Content/Fonts/CALIBRIB.ufont" 751
"D:/Unreal Engine/phasmophilia/Phasmofilia/Content/Fonts/CALIBRI.uasset" 752
"D:/Unreal Engine/phasmophilia/Phasmofilia/Content/Fonts/CALIBRI.uexp" 753
"D:/Unreal Engine/phasmophilia/Phasmofilia/Content/Fonts/CALIBRI.ufont" 754
"D:/Unreal Engine/phasmophilia/Phasmofilia/Content/Fonts/CALIBRI_Font.uasset" 755
"D:/Unreal Engine/phasmophilia/Phasmofilia/Content/Fonts/CALIBRI_Font.uexp" 756
"D:/Unreal Engine/phasmophilia/Phasmofilia/Content/UMG/GUI/W_Objectives.uasset" 757
"D:/Unreal Engine/phasmophilia/Phasmofilia/Content/UMG/GUI/W_Objectives.uexp" 758
"D:/Unreal Engine/phasmophilia/Phasmofilia/Content/UMG/W_MainHUD.uasset" 759
"D:/Unreal Engine/phasmophilia/Phasmofilia/Content/UMG/W_MainHUD.uexp" 760
"D:/Unreal Engine/phasmophilia/Phasmofilia/Content/Blueprints/Interfaces/BPI_ObjectiveCall.uasset" 761
"D:/Unreal Engine/phasmophilia/Phasmofilia/Content/Blueprints/Interfaces/BPI_ObjectiveCall.uexp" 762
"D:/Unreal Engine/phasmophilia/Phasmofilia/Content/Blueprints/Structures/S_ObjectiveData.uasset" 763
"D:/Unreal Engine/phasmophilia/Phasmofilia/Content/Blueprints/Structures/S_ObjectiveData.uexp" 764
"../../../Engine/Content/EditorBlueprintResources/StandardMacros.uasset" 765
"../../../Engine/Content/EditorBlueprintResources/StandardMacros.uexp" 766
"D:/Unreal Engine/phasmophilia/Phasmofilia/Content/GameBP/Level1/L1_GameState.uasset" 767
"D:/Unreal Engine/phasmophilia/Phasmofilia/Content/GameBP/Level1/L1_GameState.uexp" 768
"D:/Unreal Engine/phasmophilia/Phasmofilia/Content/Blueprints/CameraShakes/CS_HeadBob_Walk.uasset" 769
"D:/Unreal Engine/phasmophilia/Phasmofilia/Content/Blueprints/CameraShakes/CS_HeadBob_Walk.uexp" 770
"D:/Unreal Engine/phasmophilia/Phasmofilia/Content/Blueprints/CameraShakes/CS_HeadBob_Run.uasset" 771
"D:/Unreal Engine/phasmophilia/Phasmofilia/Content/Blueprints/CameraShakes/CS_HeadBob_Run.uexp" 772
"D:/Unreal Engine/phasmophilia/Phasmofilia/Content/Blueprints/Structures/S_ItemData.uasset" 773
"D:/Unreal Engine/phasmophilia/Phasmofilia/Content/Blueprints/Structures/S_ItemData.uexp" 774
"D:/Unreal Engine/phasmophilia/Phasmofilia/Content/Blueprints/Actors/Inventory/BP_InventoryItemBase.uasset" 775
"D:/Unreal Engine/phasmophilia/Phasmofilia/Content/Blueprints/Actors/Inventory/BP_InventoryItemBase.uexp" 776
"D:/Unreal Engine/phasmophilia/Phasmofilia/Content/Blueprints/Structures/S_InventoryStack.uasset" 777
"D:/Unreal Engine/phasmophilia/Phasmofilia/Content/Blueprints/Structures/S_InventoryStack.uexp" 778
"D:/Unreal Engine/phasmophilia/Phasmofilia/Content/Props/Materials/M_Metal.uasset" 779
"D:/Unreal Engine/phasmophilia/Phasmofilia/Content/Props/Materials/M_Metal.uexp" 780
"D:/Unreal Engine/phasmophilia/Phasmofilia/Content/Props/Materials/M_BatteryTex.uasset" 781
"D:/Unreal Engine/phasmophilia/Phasmofilia/Content/Props/Materials/M_BatteryTex.uexp" 782
"D:/Unreal Engine/phasmophilia/Phasmofilia/Content/Props/Meshes/Battery.uasset" 783
"D:/Unreal Engine/phasmophilia/Phasmofilia/Content/Props/Meshes/Battery.uexp" 784
"D:/Unreal Engine/phasmophilia/Phasmofilia/Content/Blueprints/Actors/Inventory/BP_Examination.uasset" 785
"D:/Unreal Engine/phasmophilia/Phasmofilia/Content/Blueprints/Actors/Inventory/BP_Examination.uexp" 786
"D:/Unreal Engine/phasmophilia/Phasmofilia/Content/Textures/Inventory/EmptyIcon.uasset" 787
"D:/Unreal Engine/phasmophilia/Phasmofilia/Content/Textures/Inventory/EmptyIcon.uexp" 788
"D:/Unreal Engine/phasmophilia/Phasmofilia/Content/Textures/Inventory/BackgroundPressed.uasset" 789
"D:/Unreal Engine/phasmophilia/Phasmofilia/Content/Textures/Inventory/BackgroundPressed.uexp" 790
"D:/Unreal Engine/phasmophilia/Phasmofilia/Content/Textures/Inventory/BackgroundNormal.uasset" 791
"D:/Unreal Engine/phasmophilia/Phasmofilia/Content/Textures/Inventory/BackgroundNormal.uexp" 792
"D:/Unreal Engine/phasmophilia/Phasmofilia/Content/Textures/Inventory/BackgroundHovered.uasset" 793
"D:/Unreal Engine/phasmophilia/Phasmofilia/Content/Textures/Inventory/BackgroundHovered.uexp" 794
"D:/Unreal Engine/phasmophilia/Phasmofilia/Content/UMG/Inventory/W_InventorySlot.uasset" 795
"D:/Unreal Engine/phasmophilia/Phasmofilia/Content/UMG/Inventory/W_InventorySlot.uexp" 796
"D:/Unreal Engine/phasmophilia/Phasmofilia/Content/UMG/Inventory/W_InventoryGrid.uasset" 797
"D:/Unreal Engine/phasmophilia/Phasmofilia/Content/UMG/Inventory/W_InventoryGrid.uexp" 798
"D:/Unreal Engine/phasmophilia/Phasmofilia/Content/Textures/Inventory/DropDownButtonHovered.uasset" 799
"D:/Unreal Engine/phasmophilia/Phasmofilia/Content/Textures/Inventory/DropDownButtonHovered.uexp" 800
"D:/Unreal Engine/phasmophilia/Phasmofilia/Content/Textures/Inventory/DropDownButton.uasset" 801
"D:/Unreal Engine/phasmophilia/Phasmofilia/Content/Textures/Inventory/DropDownButton.uexp" 802
"D:/Unreal Engine/phasmophilia/Phasmofilia/Content/UMG/Inventory/W_InventoryDropdown.uasset" 803
"D:/Unreal Engine/phasmophilia/Phasmofilia/Content/UMG/Inventory/W_InventoryDropdown.uexp" 804
"D:/Unreal Engine/phasmophilia/Phasmofilia/Content/Blueprints/RenderTargets/ExaminationRenderTarget2D.uasset" 805
"D:/Unreal Engine/phasmophilia/Phasmofilia/Content/Blueprints/RenderTargets/ExaminationRenderTarget2D.uexp" 806
"D:/Unreal Engine/phasmophilia/Phasmofilia/Content/Materials/M_Examination.uasset" 807
"D:/Unreal Engine/phasmophilia/Phasmofilia/Content/Materials/M_Examination.uexp" 808
"D:/Unreal Engine/phasmophilia/Phasmofilia/Content/UMG/Inventory/W_Examination.uasset" 809
"D:/Unreal Engine/phasmophilia/Phasmofilia/Content/UMG/Inventory/W_Examination.uexp" 810
"D:/Unreal Engine/phasmophilia/Phasmofilia/Content/Blueprints/BlueprintComponents/BPC_Inventory.uasset" 811
"D:/Unreal Engine/phasmophilia/Phasmofilia/Content/Blueprints/BlueprintComponents/BPC_Inventory.uexp" 812
"D:/Unreal Engine/phasmophilia/Phasmofilia/Content/GameBP/Level1/L1_Character.uasset" 813
"D:/Unreal Engine/phasmophilia/Phasmofilia/Content/GameBP/Level1/L1_Character.uexp" 814
"D:/Unreal Engine/phasmophilia/Phasmofilia/Content/StarterContent/Materials/M_Basic_Wall.uasset" 815
"D:/Unreal Engine/phasmophilia/Phasmofilia/Content/StarterContent/Materials/M_Basic_Wall.uexp" 816
"D:/Unreal Engine/phasmophilia/Phasmofilia/Content/StarterContent/Shapes/Shape_Cube.uasset" 817
"D:/Unreal Engine/phasmophilia/Phasmofilia/Content/StarterContent/Shapes/Shape_Cube.uexp" 818
"D:/Unreal Engine/phasmophilia/Phasmofilia/Content/Textures/E_Prompt.uasset" 819
"D:/Unreal Engine/phasmophilia/Phasmofilia/Content/Textures/E_Prompt.uexp" 820
"D:/Unreal Engine/phasmophilia/Phasmofilia/Content/Textures/Arrow_Prompt.uasset" 821
"D:/Unreal Engine/phasmophilia/Phasmofilia/Content/Textures/Arrow_Prompt.uexp" 822
"D:/Unreal Engine/phasmophilia/Phasmofilia/Content/UMG/Inventory/W_PickUpPrompt.uasset" 823
"D:/Unreal Engine/phasmophilia/Phasmofilia/Content/UMG/Inventory/W_PickUpPrompt.uexp" 824
"D:/Unreal Engine/phasmophilia/Phasmofilia/Content/Blueprints/Actors/Inventory/PickupActors/BP_PickupActorBase.uasset" 825
"D:/Unreal Engine/phasmophilia/Phasmofilia/Content/Blueprints/Actors/Inventory/PickupActors/BP_PickupActorBase.uexp" 826
"D:/Unreal Engine/phasmophilia/Phasmofilia/Content/Textures/Inventory/Separator.uasset" 827
"D:/Unreal Engine/phasmophilia/Phasmofilia/Content/Textures/Inventory/Separator.uexp" 828
"D:/Unreal Engine/phasmophilia/Phasmofilia/Content/UMG/Inventory/W_IntentoryMenu.uasset" 829
"D:/Unreal Engine/phasmophilia/Phasmofilia/Content/UMG/Inventory/W_IntentoryMenu.uexp" 830
"D:/Unreal Engine/phasmophilia/Phasmofilia/Content/GameBP/HG_PlayerController.uasset" 831
"D:/Unreal Engine/phasmophilia/Phasmofilia/Content/GameBP/HG_PlayerController.uexp" 832
"D:/Unreal Engine/phasmophilia/Phasmofilia/Content/Assets/Mesh/SM_Hallway_Gate_Sliding.uasset" 833
"D:/Unreal Engine/phasmophilia/Phasmofilia/Content/Assets/Mesh/SM_Hallway_Gate_Sliding.uexp" 834
"D:/Unreal Engine/phasmophilia/Phasmofilia/Content/Assets/Mesh/SM_Hallway_Gate_SlidingFrame.uasset" 835
"D:/Unreal Engine/phasmophilia/Phasmofilia/Content/Assets/Mesh/SM_Hallway_Gate_SlidingFrame.uexp" 836
"D:/Unreal Engine/phasmophilia/Phasmofilia/Content/Blueprints/Actors/NonDirectInteraction/BP_NDI_HeavyDoor.uasset" 837
"D:/Unreal Engine/phasmophilia/Phasmofilia/Content/Blueprints/Actors/NonDirectInteraction/BP_NDI_HeavyDoor.uexp" 838
"D:/Unreal Engine/phasmophilia/Phasmofilia/Content/Sequences/LS_LevelDemo.uasset" 839
"D:/Unreal Engine/phasmophilia/Phasmofilia/Content/Sequences/LS_LevelDemo.uexp" 840
"D:/Unreal Engine/phasmophilia/Phasmofilia/Content/Assets/Mesh/SM_Hallway_Ceiling_Slat_600.uasset" 841
"D:/Unreal Engine/phasmophilia/Phasmofilia/Content/Assets/Mesh/SM_Hallway_Ceiling_Slat_600.uexp" 842
"../../../Engine/Content/BasicShapes/BasicShapeMaterial.uasset" 843
"../../../Engine/Content/BasicShapes/BasicShapeMaterial.uexp" 844
"../../../Engine/Content/BasicShapes/Cube.uasset" 845
"../../../Engine/Content/BasicShapes/Cube.uexp" 846
"D:/Unreal Engine/phasmophilia/Phasmofilia/Content/Blueprints/Actors/Interaction/BP_Interaction.uasset" 847
"D:/Unreal Engine/phasmophilia/Phasmofilia/Content/Blueprints/Actors/Interaction/BP_Interaction.uexp" 848
"D:/Unreal Engine/phasmophilia/Phasmofilia/Content/Props/Textures/Lever/Panel_Roughness.uasset" 849
"D:/Unreal Engine/phasmophilia/Phasmofilia/Content/Props/Textures/Lever/Panel_Roughness.uexp" 850
"D:/Unreal Engine/phasmophilia/Phasmofilia/Content/Props/Textures/Lever/Panel_Roughness.ubulk" 851
"D:/Unreal Engine/phasmophilia/Phasmofilia/Content/Props/Textures/Lever/Panel_Normal_OpenGL.uasset" 852
"D:/Unreal Engine/phasmophilia/Phasmofilia/Content/Props/Textures/Lever/Panel_Normal_OpenGL.uexp" 853
"D:/Unreal Engine/phasmophilia/Phasmofilia/Content/Props/Textures/Lever/Panel_Normal_OpenGL.ubulk" 854
"D:/Unreal Engine/phasmophilia/Phasmofilia/Content/Props/Textures/Lever/Panel_Metallic.uasset" 855
"D:/Unreal Engine/phasmophilia/Phasmofilia/Content/Props/Textures/Lever/Panel_Metallic.uexp" 856
"D:/Unreal Engine/phasmophilia/Phasmofilia/Content/Props/Textures/Lever/Panel_Metallic.ubulk" 857
"D:/Unreal Engine/phasmophilia/Phasmofilia/Content/Props/Textures/Lever/Panel_Base_Color.uasset" 858
"D:/Unreal Engine/phasmophilia/Phasmofilia/Content/Props/Textures/Lever/Panel_Base_Color.uexp" 859
"D:/Unreal Engine/phasmophilia/Phasmofilia/Content/Props/Textures/Lever/Panel_Base_Color.ubulk" 860
"D:/Unreal Engine/phasmophilia/Phasmofilia/Content/Props/Materials/Lever/M_Lever_Panel.uasset" 861
"D:/Unreal Engine/phasmophilia/Phasmofilia/Content/Props/Materials/Lever/M_Lever_Panel.uexp" 862
"D:/Unreal Engine/phasmophilia/Phasmofilia/Content/Props/Meshes/Lever_Panel.uasset" 863
"D:/Unreal Engine/phasmophilia/Phasmofilia/Content/Props/Meshes/Lever_Panel.uexp" 864
"D:/Unreal Engine/phasmophilia/Phasmofilia/Content/Props/Textures/Lever/Lever_Roughness.uasset" 865
"D:/Unreal Engine/phasmophilia/Phasmofilia/Content/Props/Textures/Lever/Lever_Roughness.uexp" 866
"D:/Unreal Engine/phasmophilia/Phasmofilia/Content/Props/Textures/Lever/Lever_Roughness.ubulk" 867
"D:/Unreal Engine/phasmophilia/Phasmofilia/Content/Props/Textures/Lever/Lever_Normal_OpenGL.uasset" 868
"D:/Unreal Engine/phasmophilia/Phasmofilia/Content/Props/Textures/Lever/Lever_Normal_OpenGL.uexp" 869
"D:/Unreal Engine/phasmophilia/Phasmofilia/Content/Props/Textures/Lever/Lever_Normal_OpenGL.ubulk" 870
"D:/Unreal Engine/phasmophilia/Phasmofilia/Content/Props/Textures/Lever/Lever_Metallic.uasset" 871
"D:/Unreal Engine/phasmophilia/Phasmofilia/Content/Props/Textures/Lever/Lever_Metallic.uexp" 872
"D:/Unreal Engine/phasmophilia/Phasmofilia/Content/Props/Textures/Lever/Lever_Metallic.ubulk" 873
"D:/Unreal Engine/phasmophilia/Phasmofilia/Content/Props/Textures/Lever/Lever_Base_Color.uasset" 874
"D:/Unreal Engine/phasmophilia/Phasmofilia/Content/Props/Textures/Lever/Lever_Base_Color.uexp" 875
"D:/Unreal Engine/phasmophilia/Phasmofilia/Content/Props/Textures/Lever/Lever_Base_Color.ubulk" 876
"D:/Unreal Engine/phasmophilia/Phasmofilia/Content/Props/Materials/Lever/M_Lever_Lever.uasset" 877
"D:/Unreal Engine/phasmophilia/Phasmofilia/Content/Props/Materials/Lever/M_Lever_Lever.uexp" 878
"D:/Unreal Engine/phasmophilia/Phasmofilia/Content/Props/Meshes/Lever_Lever.uasset" 879
"D:/Unreal Engine/phasmophilia/Phasmofilia/Content/Props/Meshes/Lever_Lever.uexp" 880
"D:/Unreal Engine/phasmophilia/Phasmofilia/Content/Blueprints/Actors/Interaction/BP_InteractionLever.uasset" 881
"D:/Unreal Engine/phasmophilia/Phasmofilia/Content/Blueprints/Actors/Interaction/BP_InteractionLever.uexp" 882
"D:/Unreal Engine/phasmophilia/Phasmofilia/Content/GameBP/Level1/L1_GameMode.uasset" 883
"D:/Unreal Engine/phasmophilia/Phasmofilia/Content/GameBP/Level1/L1_GameMode.uexp" 884
"D:/Unreal Engine/phasmophilia/Phasmofilia/Content/Props/Materials/M_Paper.uasset" 885
"D:/Unreal Engine/phasmophilia/Phasmofilia/Content/Props/Materials/M_Paper.uexp" 886
"D:/Unreal Engine/phasmophilia/Phasmofilia/Content/Props/Meshes/Paper.uasset" 887
"D:/Unreal Engine/phasmophilia/Phasmofilia/Content/Props/Meshes/Paper.uexp" 888
"D:/Unreal Engine/phasmophilia/Phasmofilia/Content/Fonts/CALIBRI_Font_DistanceField.uasset" 889
"D:/Unreal Engine/phasmophilia/Phasmofilia/Content/Fonts/CALIBRI_Font_DistanceField.uexp" 890
"D:/Unreal Engine/phasmophilia/Phasmofilia/Content/Fonts/M_CalibriFont.uasset" 891
"D:/Unreal Engine/phasmophilia/Phasmofilia/Content/Fonts/M_CalibriFont.uexp" 892
"D:/Unreal Engine/phasmophilia/Phasmofilia/Content/Blueprints/Actors/Notes/BP_NoteExamination.uasset" 893
"D:/Unreal Engine/phasmophilia/Phasmofilia/Content/Blueprints/Actors/Notes/BP_NoteExamination.uexp" 894
"D:/Unreal Engine/phasmophilia/Phasmofilia/Content/Blueprints/RenderTargets/NoteRenderTarget2D.uasset" 895
"D:/Unreal Engine/phasmophilia/Phasmofilia/Content/Blueprints/RenderTargets/NoteRenderTarget2D.uexp" 896
"D:/Unreal Engine/phasmophilia/Phasmofilia/Content/Materials/M_NoteExamination.uasset" 897
"D:/Unreal Engine/phasmophilia/Phasmofilia/Content/Materials/M_NoteExamination.uexp" 898
"D:/Unreal Engine/phasmophilia/Phasmofilia/Content/UMG/W_NoteExamination.uasset" 899
"D:/Unreal Engine/phasmophilia/Phasmofilia/Content/UMG/W_NoteExamination.uexp" 900
"D:/Unreal Engine/phasmophilia/Phasmofilia/Content/Blueprints/Actors/Notes/BP_NotesBase.uasset" 901
"D:/Unreal Engine/phasmophilia/Phasmofilia/Content/Blueprints/Actors/Notes/BP_NotesBase.uexp" 902
"D:/Unreal Engine/phasmophilia/Phasmofilia/Content/Blueprints/Actors/Notes/BP_Note2.uasset" 903
"D:/Unreal Engine/phasmophilia/Phasmofilia/Content/Blueprints/Actors/Notes/BP_Note2.uexp" 904
"D:/Unreal Engine/phasmophilia/Phasmofilia/Content/Props/Textures/Medkit/Kit_tga.uasset" 905
"D:/Unreal Engine/phasmophilia/Phasmofilia/Content/Props/Textures/Medkit/Kit_tga.uexp" 906
"D:/Unreal Engine/phasmophilia/Phasmofilia/Content/Props/Textures/Medkit/Kit_tga.ubulk" 907
"D:/Unreal Engine/phasmophilia/Phasmofilia/Content/Props/Textures/Medkit/Kit_metallic_tga.uasset" 908
"D:/Unreal Engine/phasmophilia/Phasmofilia/Content/Props/Textures/Medkit/Kit_metallic_tga.uexp" 909
"D:/Unreal Engine/phasmophilia/Phasmofilia/Content/Props/Textures/Medkit/Kit_metallic_tga.ubulk" 910
"D:/Unreal Engine/phasmophilia/Phasmofilia/Content/Props/Textures/Medkit/Kit_NRM_tga.uasset" 911
"D:/Unreal Engine/phasmophilia/Phasmofilia/Content/Props/Textures/Medkit/Kit_NRM_tga.uexp" 912
"D:/Unreal Engine/phasmophilia/Phasmofilia/Content/Props/Textures/Medkit/Kit_NRM_tga.ubulk" 913
"D:/Unreal Engine/phasmophilia/Phasmofilia/Content/Props/Materials/M_Medkit.uasset" 914
"D:/Unreal Engine/phasmophilia/Phasmofilia/Content/Props/Materials/M_Medkit.uexp" 915
"D:/Unreal Engine/phasmophilia/Phasmofilia/Content/Props/Meshes/MedKit.uasset" 916
"D:/Unreal Engine/phasmophilia/Phasmofilia/Content/Props/Meshes/MedKit.uexp" 917
"D:/Unreal Engine/phasmophilia/Phasmofilia/Content/Blueprints/Actors/Inventory/BP_InventoryItemMedkit.uasset" 918
"D:/Unreal Engine/phasmophilia/Phasmofilia/Content/Blueprints/Actors/Inventory/BP_InventoryItemMedkit.uexp" 919
"D:/Unreal Engine/phasmophilia/Phasmofilia/Content/Blueprints/Actors/Inventory/PickupActors/BP_PickupActorMedkit.uasset" 920
"D:/Unreal Engine/phasmophilia/Phasmofilia/Content/Blueprints/Actors/Inventory/PickupActors/BP_PickupActorMedkit.uexp" 921
"D:/Unreal Engine/phasmophilia/Phasmofilia/Content/Textures/Inventory/ItemIcons/BatteryIcon.uasset" 922
"D:/Unreal Engine/phasmophilia/Phasmofilia/Content/Textures/Inventory/ItemIcons/BatteryIcon.uexp" 923
"D:/Unreal Engine/phasmophilia/Phasmofilia/Content/Textures/Inventory/ItemIcons/BatteryIcon.ubulk" 924
"D:/Unreal Engine/phasmophilia/Phasmofilia/Content/Blueprints/Actors/Inventory/BP_InventoryItemFlashlightBattery.uasset" 925
"D:/Unreal Engine/phasmophilia/Phasmofilia/Content/Blueprints/Actors/Inventory/BP_InventoryItemFlashlightBattery.uexp" 926
"D:/Unreal Engine/phasmophilia/Phasmofilia/Content/Blueprints/Actors/Inventory/PickupActors/BP_PickupActorFlashlightBattery.uasset" 927
"D:/Unreal Engine/phasmophilia/Phasmofilia/Content/Blueprints/Actors/Inventory/PickupActors/BP_PickupActorFlashlightBattery.uexp" 928
"D:/Unreal Engine/phasmophilia/Phasmofilia/Content/Props/Materials/M_DoorKey.uasset" 929
"D:/Unreal Engine/phasmophilia/Phasmofilia/Content/Props/Materials/M_DoorKey.uexp" 930
"D:/Unreal Engine/phasmophilia/Phasmofilia/Content/Props/Meshes/DoorKey.uasset" 931
"D:/Unreal Engine/phasmophilia/Phasmofilia/Content/Props/Meshes/DoorKey.uexp" 932
"D:/Unreal Engine/phasmophilia/Phasmofilia/Content/Textures/Inventory/ItemIcons/KeyIcon.uasset" 933
"D:/Unreal Engine/phasmophilia/Phasmofilia/Content/Textures/Inventory/ItemIcons/KeyIcon.uexp" 934
"D:/Unreal Engine/phasmophilia/Phasmofilia/Content/Textures/Inventory/ItemIcons/KeyIcon.ubulk" 935
"D:/Unreal Engine/phasmophilia/Phasmofilia/Content/Blueprints/Actors/Inventory/BP_InventoryItemDoorKey.uasset" 936
"D:/Unreal Engine/phasmophilia/Phasmofilia/Content/Blueprints/Actors/Inventory/BP_InventoryItemDoorKey.uexp" 937
"D:/Unreal Engine/phasmophilia/Phasmofilia/Content/Blueprints/Actors/Inventory/PickupActors/BP_PickupActorDoorKey.uasset" 938
"D:/Unreal Engine/phasmophilia/Phasmofilia/Content/Blueprints/Actors/Inventory/PickupActors/BP_PickupActorDoorKey.uexp" 939
"D:/Unreal Engine/phasmophilia/Phasmofilia/Content/Props/Textures/Backpack/1_Roughness.uasset" 940
"D:/Unreal Engine/phasmophilia/Phasmofilia/Content/Props/Textures/Backpack/1_Roughness.uexp" 941
"D:/Unreal Engine/phasmophilia/Phasmofilia/Content/Props/Textures/Backpack/1_Roughness.ubulk" 942
"D:/Unreal Engine/phasmophilia/Phasmofilia/Content/Props/Textures/Backpack/1_Normal_OpenGL.uasset" 943
"D:/Unreal Engine/phasmophilia/Phasmofilia/Content/Props/Textures/Backpack/1_Normal_OpenGL.uexp" 944
"D:/Unreal Engine/phasmophilia/Phasmofilia/Content/Props/Textures/Backpack/1_Normal_OpenGL.ubulk" 945
"D:/Unreal Engine/phasmophilia/Phasmofilia/Content/Props/Textures/Backpack/1_Mixed_AO.uasset" 946
"D:/Unreal Engine/phasmophilia/Phasmofilia/Content/Props/Textures/Backpack/1_Mixed_AO.uexp" 947
"D:/Unreal Engine/phasmophilia/Phasmofilia/Content/Props/Textures/Backpack/1_Mixed_AO.ubulk" 948
"D:/Unreal Engine/phasmophilia/Phasmofilia/Content/Props/Textures/Backpack/1_Metallic.uasset" 949
"D:/Unreal Engine/phasmophilia/Phasmofilia/Content/Props/Textures/Backpack/1_Metallic.uexp" 950
"D:/Unreal Engine/phasmophilia/Phasmofilia/Content/Props/Textures/Backpack/1_Metallic.ubulk" 951
"D:/Unreal Engine/phasmophilia/Phasmofilia/Content/Props/Textures/Backpack/1_Base_Color.uasset" 952
"D:/Unreal Engine/phasmophilia/Phasmofilia/Content/Props/Textures/Backpack/1_Base_Color.uexp" 953
"D:/Unreal Engine/phasmophilia/Phasmofilia/Content/Props/Textures/Backpack/1_Base_Color.ubulk" 954
"D:/Unreal Engine/phasmophilia/Phasmofilia/Content/Props/Materials/M_BackPack.uasset" 955
"D:/Unreal Engine/phasmophilia/Phasmofilia/Content/Props/Materials/M_BackPack.uexp" 956
"D:/Unreal Engine/phasmophilia/Phasmofilia/Content/Props/Meshes/BackPack.uasset" 957
"D:/Unreal Engine/phasmophilia/Phasmofilia/Content/Props/Meshes/BackPack.uexp" 958
"D:/Unreal Engine/phasmophilia/Phasmofilia/Content/Blueprints/Actors/Inventory/BP_InventoryBackpack.uasset" 959
"D:/Unreal Engine/phasmophilia/Phasmofilia/Content/Blueprints/Actors/Inventory/BP_InventoryBackpack.uexp" 960
"D:/Unreal Engine/phasmophilia/Phasmofilia/Content/StarterContent/Textures/T_Frame_N.uasset" 961
"D:/Unreal Engine/phasmophilia/Phasmofilia/Content/StarterContent/Textures/T_Frame_N.uexp" 962
"D:/Unreal Engine/phasmophilia/Phasmofilia/Content/StarterContent/Textures/T_Frame_N.ubulk" 963
"D:/Unreal Engine/phasmophilia/Phasmofilia/Content/StarterContent/Textures/T_Frame_M.uasset" 964
"D:/Unreal Engine/phasmophilia/Phasmofilia/Content/StarterContent/Textures/T_Frame_M.uexp" 965
"D:/Unreal Engine/phasmophilia/Phasmofilia/Content/StarterContent/Textures/T_Frame_M.ubulk" 966
"D:/Unreal Engine/phasmophilia/Phasmofilia/Content/StarterContent/Props/Materials/M_Frame.uasset" 967
"D:/Unreal Engine/phasmophilia/Phasmofilia/Content/StarterContent/Props/Materials/M_Frame.uexp" 968
"D:/Unreal Engine/phasmophilia/Phasmofilia/Content/StarterContent/Props/SM_DoorFrame.uasset" 969
"D:/Unreal Engine/phasmophilia/Phasmofilia/Content/StarterContent/Props/SM_DoorFrame.uexp" 970
"D:/Unreal Engine/phasmophilia/Phasmofilia/Content/StarterContent/Textures/T_Door_N.uasset" 971
"D:/Unreal Engine/phasmophilia/Phasmofilia/Content/StarterContent/Textures/T_Door_N.uexp" 972
"D:/Unreal Engine/phasmophilia/Phasmofilia/Content/StarterContent/Textures/T_Door_N.ubulk" 973
"D:/Unreal Engine/phasmophilia/Phasmofilia/Content/StarterContent/Textures/T_Door_M.uasset" 974
"D:/Unreal Engine/phasmophilia/Phasmofilia/Content/StarterContent/Textures/T_Door_M.uexp" 975
"D:/Unreal Engine/phasmophilia/Phasmofilia/Content/StarterContent/Textures/T_Door_M.ubulk" 976
"D:/Unreal Engine/phasmophilia/Phasmofilia/Content/StarterContent/Props/Materials/M_Door.uasset" 977
"D:/Unreal Engine/phasmophilia/Phasmofilia/Content/StarterContent/Props/Materials/M_Door.uexp" 978
"D:/Unreal Engine/phasmophilia/Phasmofilia/Content/StarterContent/Materials/M_Glass.uasset" 979
"D:/Unreal Engine/phasmophilia/Phasmofilia/Content/StarterContent/Materials/M_Glass.uexp" 980
"D:/Unreal Engine/phasmophilia/Phasmofilia/Content/StarterContent/Props/SM_Door.uasset" 981
"D:/Unreal Engine/phasmophilia/Phasmofilia/Content/StarterContent/Props/SM_Door.uexp" 982
"D:/Unreal Engine/phasmophilia/Phasmofilia/Content/Blueprints/Actors/Interaction/BP_Interaction_OutwardsDoor.uasset" 983
"D:/Unreal Engine/phasmophilia/Phasmofilia/Content/Blueprints/Actors/Interaction/BP_Interaction_OutwardsDoor.uexp" 984
"D:/Unreal Engine/phasmophilia/Phasmofilia/Content/Blueprints/Actors/HideActors/BP_HideActorBase.uasset" 985
"D:/Unreal Engine/phasmophilia/Phasmofilia/Content/Blueprints/Actors/HideActors/BP_HideActorBase.uexp" 986
"D:/Unreal Engine/phasmophilia/Phasmofilia/Content/Props/Materials/M_Locker.uasset" 987
"D:/Unreal Engine/phasmophilia/Phasmofilia/Content/Props/Materials/M_Locker.uexp" 988
"D:/Unreal Engine/phasmophilia/Phasmofilia/Content/Props/Meshes/LockerDoor.uasset" 989
"D:/Unreal Engine/phasmophilia/Phasmofilia/Content/Props/Meshes/LockerDoor.uexp" 990
"D:/Unreal Engine/phasmophilia/Phasmofilia/Content/Props/Meshes/Locker.uasset" 991
"D:/Unreal Engine/phasmophilia/Phasmofilia/Content/Props/Meshes/Locker.uexp" 992
"D:/Unreal Engine/phasmophilia/Phasmofilia/Content/Blueprints/Actors/HideActors/BP_HideActorLocker.uasset" 993
"D:/Unreal Engine/phasmophilia/Phasmofilia/Content/Blueprints/Actors/HideActors/BP_HideActorLocker.uexp" 994
"D:/Unreal Engine/phasmophilia/Phasmofilia/Content/Maps/HorrorLevel.uexp" 995
"D:/Unreal Engine/phasmophilia/Phasmofilia/Content/Maps/HorrorLevel.umap" 996
"../../../Engine/Content/Maps/Entry_BuiltData.uasset" 997
"../../../Engine/Content/Maps/Entry_BuiltData.uexp" 998
"../../../Engine/Content/Maps/Entry.uexp" 999
"../../../Engine/Content/Maps/Entry.umap" 1000
